2025-09-20 10:07:56,045 - INFO - 启动 Excel数据处理工具 v1.0.0
2025-09-20 10:07:56,171 - ERROR - 应用程序启动失败: name 'OUTLINE_PRIMARY' is not defined
2025-09-20 10:09:11,112 - INFO - 启动 Excel数据处理工具 v1.0.0
2025-09-20 10:09:11,408 - ERROR - 应用程序启动失败: unknown option "-font"
2025-09-20 10:10:08,251 - INFO - 启动 Excel数据处理工具 v1.0.0
2025-09-20 10:44:17,062 - INFO - 启动 Excel数据处理工具 v1.0.0
2025-09-20 10:44:50,097 - INFO - 开始处理文件: C:/Users/A/Desktop/liao/数据列表 - 2025-09-09T192958.647.xlsx
2025-09-20 10:44:50,097 - INFO - 模板类型: UPS
2025-09-20 10:44:50,097 - INFO - 读取Excel文件: C:/Users/A/Desktop/liao/数据列表 - 2025-09-09T192958.647.xlsx
2025-09-20 10:44:50,105 - INFO - 发现工作表: ['数据清单']
2025-09-20 10:44:50,118 - INFO - 工作表 '数据清单' 读取成功: 6行 x 33列
2025-09-20 10:44:50,119 - INFO - Excel数据读取完成: {'file_path': 'C:/Users/A/Desktop/liao/数据列表 - 2025-09-09T192958.647.xlsx', 'file_name': '数据列表 - 2025-09-09T192958.647.xlsx', 'sheet_count': 0, 'read_time': '2025-09-20T10:44:50.119161', 'total_rows': 6, 'total_columns': 33}
2025-09-20 10:44:50,119 - INFO - 开始填充模板: UPS
2025-09-20 10:44:50,119 - INFO - 模板文件: C:/Users/A/Desktop/liao/UPS总结单-.xlsx
2025-09-20 10:44:50,265 - INFO - 开始填充UPS总结单模板
2025-09-20 10:44:50,419 - INFO - 源数据列: ['偏远', '客服扣货', '财务扣货', '报关方式', '操作状态', '收货站点', '收货时间', '收货渠道', '发货渠道', '柜号', '订仓号', '港前客服', '销售员', '客户单号', '转单号', '申报中文品名', '件数', '国家二字码', '收货实重', '收货材积重', '方数', '收货计费重', '收货备注', '发货备注', '客户名称', '收件人邮编', '收件人公司', '收件人姓名', '收件人地址1', '收件人电话', '城市', '申报价值', '申报币种']
2025-09-20 10:44:50,419 - INFO - 源数据行数: 6
2025-09-20 10:44:50,420 - ERROR - 填充数据到工作表时出错: 'MergedCell' object attribute 'value' is read-only
2025-09-20 10:44:50,521 - INFO - UPS模板填充完成
2025-09-20 10:44:50,521 - INFO - 模板填充成功: C:\Users\A\Desktop\UPS_数据列表 - 2025-09-09T192958.647_20250920_104450.xlsx
2025-09-20 10:44:50,521 - INFO - 文件处理成功: C:\Users\A\Desktop\UPS_数据列表 - 2025-09-09T192958.647_20250920_104450.xlsx
2025-09-20 22:21:07,523 - INFO - 启动 Excel数据处理工具 v1.0.0
2025-09-20 22:25:04,195 - INFO - 启动 Excel数据处理工具 v1.0.0
2025-09-20 23:41:37,335 - INFO - 启动 Excel数据处理工具 v1.0.0
2025-09-20 23:42:14,589 - INFO - 开始处理文件: C:/Users/A/Desktop/liao/数据列表 - 2025-09-09T192958.647.xlsx
2025-09-20 23:42:14,590 - INFO - 模板类型: UPS
2025-09-20 23:42:14,591 - INFO - 读取Excel文件: C:/Users/A/Desktop/liao/数据列表 - 2025-09-09T192958.647.xlsx
2025-09-20 23:42:14,601 - INFO - 发现工作表: ['数据清单']
2025-09-20 23:42:14,628 - INFO - 工作表 '数据清单' 读取成功: 6行 x 33列
2025-09-20 23:42:14,629 - INFO - Excel数据读取完成: {'file_path': 'C:/Users/A/Desktop/liao/数据列表 - 2025-09-09T192958.647.xlsx', 'file_name': '数据列表 - 2025-09-09T192958.647.xlsx', 'sheet_count': 0, 'read_time': '2025-09-20T23:42:14.629040', 'total_rows': 6, 'total_columns': 33}
2025-09-20 23:42:14,629 - INFO - 开始填充模板: UPS
2025-09-20 23:42:14,630 - INFO - 模板文件: C:/Users/A/Desktop/liao/UPS总结单-.xlsx
2025-09-20 23:42:14,777 - INFO - 开始使用UPS专用处理器填充模板
2025-09-20 23:42:14,777 - INFO - 开始处理UPS数据
2025-09-20 23:42:14,777 - INFO - 使用工作表 '数据清单' 作为源数据，共 6 行
2025-09-20 23:42:14,777 - INFO - 源数据列: ['偏远', '客服扣货', '财务扣货', '报关方式', '操作状态', '收货站点', '收货时间', '收货渠道', '发货渠道', '柜号', '订仓号', '港前客服', '销售员', '客户单号', '转单号', '申报中文品名', '件数', '国家二字码', '收货实重', '收货材积重', '方数', '收货计费重', '收货备注', '发货备注', '客户名称', '收件人邮编', '收件人公司', '收件人姓名', '收件人地址1', '收件人电话', '城市', '申报价值', '申报币种']
2025-09-20 23:42:14,914 - INFO - 开始填充总结单工作表
2025-09-20 23:42:14,914 - INFO - 源数据共 6 行，列: ['偏远', '客服扣货', '财务扣货', '报关方式', '操作状态', '收货站点', '收货时间', '收货渠道', '发货渠道', '柜号', '订仓号', '港前客服', '销售员', '客户单号', '转单号', '申报中文品名', '件数', '国家二字码', '收货实重', '收货材积重', '方数', '收货计费重', '收货备注', '发货备注', '客户名称', '收件人邮编', '收件人公司', '收件人姓名', '收件人地址1', '收件人电话', '城市', '申报价值', '申报币种']
2025-09-20 23:42:14,914 - INFO - 字段映射关系: {'Tracking Number': '转单号', 'Packages': '件数', 'G.W': '收货实重', 'V.G': '收货材积重', 'ZIP code': '收件人邮编', 'country': '国家二字码'}
2025-09-20 23:42:14,914 - INFO - 在第5行找到表头，匹配率: 100.0%
2025-09-20 23:42:14,914 - INFO - 找到表头行: 5, 列映射: {'Tracking Number': 1, 'Packages': 2, 'G.W': 3, 'V.G': 4, 'ZIP code': 5, 'country': 6}
2025-09-20 23:42:14,917 - INFO - 总结单填充完成:
2025-09-20 23:42:14,917 - INFO -   - 源数据行数: 6
2025-09-20 23:42:14,917 - INFO -   - 成功填充: 6 行
2025-09-20 23:42:14,917 - INFO -   - 部分失败: 0 行
2025-09-20 23:42:14,917 - INFO -   - 数据起始行: 6
2025-09-20 23:42:14,918 - INFO -   - 数据结束行: 11
2025-09-20 23:42:14,918 - INFO - 数据填充验证: 36/36 单元格有数据 (100.0%)
2025-09-20 23:42:14,918 - INFO - 开始填充运单信息工作表
2025-09-20 23:42:14,918 - INFO - 源数据共 6 行
2025-09-20 23:42:14,918 - INFO - 字段映射关系: {'参考号（Reference NO)': '客户单号', '件数(PCS)': '件数', '实重(Kg)': '收货实重', '材重(Kg)': '收货材积重', '目的地(Destination)': '国家二字码', 'UPS主运单号(Tracking Number)': '转单号'}
2025-09-20 23:42:14,918 - WARNING - 未找到足够的目标表头，将使用默认处理
2025-09-20 23:42:14,918 - ERROR - 运单信息工作表中未找到有效表头
2025-09-20 23:42:14,919 - INFO - 已在第 1 行创建表头: ['参考号（Reference NO)', '件数(PCS)', '实重(Kg)', '材重(Kg)', '目的地(Destination)', 'UPS主运单号(Tracking Number)']
2025-09-20 23:42:14,919 - INFO - 运单信息填充完成，成功填充 6/6 行数据
2025-09-20 23:42:14,919 - INFO - 开始填充统计工作表
2025-09-20 23:42:14,920 - ERROR - 源数据中未找到'国家'列，无法生成统计
2025-09-20 23:42:14,920 - INFO - 开始填充子单号工作表
2025-09-20 23:42:14,920 - INFO - 源数据共 6 行
2025-09-20 23:42:14,920 - INFO - 使用工作表: '子单号'
2025-09-20 23:42:14,920 - INFO - 字段映射关系: {'参考号（Reference NO)': '客户单号', 'UPS 子单号(Tracking Number)': '子转单号'}
2025-09-20 23:42:14,921 - WARNING - 未找到足够的目标表头，将使用默认处理
2025-09-20 23:42:14,921 - ERROR - 子单号工作表中未找到有效表头
2025-09-20 23:42:14,921 - INFO - 已在第 1 行创建表头: ['参考号（Reference NO)', 'UPS 子单号(Tracking Number)']
2025-09-20 23:42:14,922 - INFO - 子单号填充完成，成功填充 6/6 行数据
2025-09-20 23:42:14,922 - ERROR - UPS数据处理失败
2025-09-20 23:42:14,922 - ERROR - UPS模板填充失败
2025-09-20 23:42:14,923 - ERROR - 模板填充失败
2025-09-20 23:43:26,797 - INFO - 开始处理文件: C:/Users/A/Desktop/liao/数据列表 - 2025-09-09T192958.647.xlsx
2025-09-20 23:43:26,797 - INFO - 模板类型: UPS
2025-09-20 23:43:26,798 - INFO - 单件明细表文件: C:/Users/A/Desktop/liao/单件明细模板-9-4 (67).xlsx
2025-09-20 23:43:26,798 - INFO - 读取Excel文件: C:/Users/A/Desktop/liao/数据列表 - 2025-09-09T192958.647.xlsx
2025-09-20 23:43:26,802 - INFO - 发现工作表: ['数据清单']
2025-09-20 23:43:26,812 - INFO - 工作表 '数据清单' 读取成功: 6行 x 33列
2025-09-20 23:43:26,812 - INFO - Excel数据读取完成: {'file_path': 'C:/Users/A/Desktop/liao/数据列表 - 2025-09-09T192958.647.xlsx', 'file_name': '数据列表 - 2025-09-09T192958.647.xlsx', 'sheet_count': 0, 'read_time': '2025-09-20T23:43:26.812459', 'total_rows': 6, 'total_columns': 33}
2025-09-20 23:43:26,812 - INFO - 读取Excel文件: C:/Users/A/Desktop/liao/单件明细模板-9-4 (67).xlsx
2025-09-20 23:43:26,824 - INFO - 发现工作表: ['子单号']
2025-09-20 23:43:26,851 - INFO - 工作表 '子单号' 读取成功: 97行 x 13列
2025-09-20 23:43:26,851 - INFO - Excel数据读取完成: {'file_path': 'C:/Users/A/Desktop/liao/单件明细模板-9-4 (67).xlsx', 'file_name': '单件明细模板-9-4 (67).xlsx', 'sheet_count': 0, 'read_time': '2025-09-20T23:43:26.851961', 'total_rows': 97, 'total_columns': 13}
2025-09-20 23:43:26,851 - INFO - 成功读取明细表数据
2025-09-20 23:43:26,852 - INFO - 开始填充模板: UPS
2025-09-20 23:43:26,852 - INFO - 模板文件: C:/Users/A/Desktop/liao/UPS总结单-.xlsx
2025-09-20 23:43:26,981 - INFO - 开始使用UPS专用处理器填充模板
2025-09-20 23:43:26,982 - INFO - 开始处理UPS数据
2025-09-20 23:43:26,982 - INFO - 使用工作表 '数据清单' 作为源数据，共 6 行
2025-09-20 23:43:26,982 - INFO - 源数据列: ['偏远', '客服扣货', '财务扣货', '报关方式', '操作状态', '收货站点', '收货时间', '收货渠道', '发货渠道', '柜号', '订仓号', '港前客服', '销售员', '客户单号', '转单号', '申报中文品名', '件数', '国家二字码', '收货实重', '收货材积重', '方数', '收货计费重', '收货备注', '发货备注', '客户名称', '收件人邮编', '收件人公司', '收件人姓名', '收件人地址1', '收件人电话', '城市', '申报价值', '申报币种']
2025-09-20 23:43:27,115 - INFO - 开始填充总结单工作表
2025-09-20 23:43:27,116 - INFO - 源数据共 6 行，列: ['偏远', '客服扣货', '财务扣货', '报关方式', '操作状态', '收货站点', '收货时间', '收货渠道', '发货渠道', '柜号', '订仓号', '港前客服', '销售员', '客户单号', '转单号', '申报中文品名', '件数', '国家二字码', '收货实重', '收货材积重', '方数', '收货计费重', '收货备注', '发货备注', '客户名称', '收件人邮编', '收件人公司', '收件人姓名', '收件人地址1', '收件人电话', '城市', '申报价值', '申报币种']
2025-09-20 23:43:27,116 - INFO - 字段映射关系: {'Tracking Number': '转单号', 'Packages': '件数', 'G.W': '收货实重', 'V.G': '收货材积重', 'ZIP code': '收件人邮编', 'country': '国家二字码'}
2025-09-20 23:43:27,116 - INFO - 在第5行找到表头，匹配率: 100.0%
2025-09-20 23:43:27,116 - INFO - 找到表头行: 5, 列映射: {'Tracking Number': 1, 'Packages': 2, 'G.W': 3, 'V.G': 4, 'ZIP code': 5, 'country': 6}
2025-09-20 23:43:27,117 - INFO - 总结单填充完成:
2025-09-20 23:43:27,117 - INFO -   - 源数据行数: 6
2025-09-20 23:43:27,117 - INFO -   - 成功填充: 6 行
2025-09-20 23:43:27,117 - INFO -   - 部分失败: 0 行
2025-09-20 23:43:27,117 - INFO -   - 数据起始行: 6
2025-09-20 23:43:27,118 - INFO -   - 数据结束行: 11
2025-09-20 23:43:27,118 - INFO - 数据填充验证: 36/36 单元格有数据 (100.0%)
2025-09-20 23:43:27,118 - INFO - 开始填充运单信息工作表
2025-09-20 23:43:27,118 - INFO - 源数据共 6 行
2025-09-20 23:43:27,118 - INFO - 字段映射关系: {'参考号（Reference NO)': '客户单号', '件数(PCS)': '件数', '实重(Kg)': '收货实重', '材重(Kg)': '收货材积重', '目的地(Destination)': '国家二字码', 'UPS主运单号(Tracking Number)': '转单号'}
2025-09-20 23:43:27,119 - WARNING - 未找到足够的目标表头，将使用默认处理
2025-09-20 23:43:27,119 - ERROR - 运单信息工作表中未找到有效表头
2025-09-20 23:43:27,119 - INFO - 已在第 1 行创建表头: ['参考号（Reference NO)', '件数(PCS)', '实重(Kg)', '材重(Kg)', '目的地(Destination)', 'UPS主运单号(Tracking Number)']
2025-09-20 23:43:27,120 - INFO - 运单信息填充完成，成功填充 6/6 行数据
2025-09-20 23:43:27,120 - INFO - 开始填充统计工作表
2025-09-20 23:43:27,120 - ERROR - 源数据中未找到'国家'列，无法生成统计
2025-09-20 23:43:27,120 - INFO - 开始填充子单号工作表
2025-09-20 23:43:27,120 - INFO - 源数据共 6 行
2025-09-20 23:43:27,120 - INFO - 使用工作表: '子单号'
2025-09-20 23:43:27,120 - INFO - 字段映射关系: {'参考号（Reference NO)': '客户单号', 'UPS 子单号(Tracking Number)': '子转单号'}
2025-09-20 23:43:27,121 - WARNING - 未找到足够的目标表头，将使用默认处理
2025-09-20 23:43:27,121 - ERROR - 子单号工作表中未找到有效表头
2025-09-20 23:43:27,121 - INFO - 已在第 1 行创建表头: ['参考号（Reference NO)', 'UPS 子单号(Tracking Number)']
2025-09-20 23:43:27,121 - INFO - 子单号填充完成，成功填充 6/6 行数据
2025-09-20 23:43:27,121 - ERROR - UPS数据处理失败
2025-09-20 23:43:27,121 - ERROR - UPS模板填充失败
2025-09-20 23:43:27,122 - ERROR - 模板填充失败
2025-09-21 11:03:32,386 - INFO - 启动 Excel数据处理工具 v1.0.0
2025-09-21 11:03:55,140 - INFO - 开始读取Excel文件: C:/Users/A/Desktop/liao/数据列表 - 2025-09-09T192958.647.xlsx
2025-09-21 11:03:55,154 - INFO - 文件包含的sheet: ['数据清单']
2025-09-21 11:03:55,154 - INFO - 使用索引 0 访问sheet: '数据清单'
2025-09-21 11:03:55,176 - INFO - sheet '数据清单' 数据读取成功:
2025-09-21 11:03:55,176 - INFO -   - 原始大小: 6行 x 36列
2025-09-21 11:03:55,176 - INFO -   - 清理后大小: 6行 x 33列
2025-09-21 11:03:55,176 - INFO -   - 列名: ['偏远', '客服扣货', '财务扣货', '报关方式', '操作状态', '收货站点', '收货时间', '收货渠道', '发货渠道', '柜号', '订仓号', '港前客服', '销售员', '客户单号', '转单号', '申报中文品名', '件数', '国家二字码', '收货实重', '收货材积重', '方数', '收货计费重', '收货备注', '发货备注', '客户名称', '收件人邮编', '收件人公司', '收件人姓名', '收件人地址1', '收件人电话', '城市', '申报价值', '申报币种']
2025-09-21 11:03:55,177 - INFO - 开始处理UPS数据
2025-09-21 11:03:55,177 - INFO - 开始获取模板总结单工作表: C:/Users/A/Desktop/liao/UPS总结单-.xlsx
2025-09-21 11:03:55,327 - INFO - 模板包含的工作表: ['总结单', '运单信息', '统计', '德国邮编', '子单号']
2025-09-21 11:03:55,327 - INFO - 找到总结单工作表: '总结单'
2025-09-21 11:03:55,327 - INFO - 工作表范围: 63行 x 14列
2025-09-21 11:03:55,327 - INFO - 总结单工作表分析完成:
2025-09-21 11:03:55,327 - INFO -   - 工作表名称: '总结单'
2025-09-21 11:03:55,327 - INFO -   - 第一个空行: 第7行
2025-09-21 11:03:55,327 - INFO -   - Collection Total行: 第54行
2025-09-21 11:03:55,331 - ERROR - 处理UPS数据时出错: 'Tracking Number'
2025-09-21 11:17:23,675 - INFO - 启动 Excel数据处理工具 v1.0.0
2025-09-21 11:17:39,742 - INFO - 开始读取Excel文件: C:/Users/A/Desktop/liao/数据列表 - 2025-09-09T192958.647.xlsx
2025-09-21 11:17:39,753 - INFO - 文件包含的sheet: ['数据清单']
2025-09-21 11:17:39,753 - INFO - 使用索引 0 访问sheet: '数据清单'
2025-09-21 11:17:39,775 - INFO - sheet '数据清单' 数据读取成功:
2025-09-21 11:17:39,775 - INFO -   - 原始大小: 6行 x 36列
2025-09-21 11:17:39,776 - INFO -   - 清理后大小: 6行 x 33列
2025-09-21 11:17:39,776 - INFO -   - 列名: ['偏远', '客服扣货', '财务扣货', '报关方式', '操作状态', '收货站点', '收货时间', '收货渠道', '发货渠道', '柜号', '订仓号', '港前客服', '销售员', '客户单号', '转单号', '申报中文品名', '件数', '国家二字码', '收货实重', '收货材积重', '方数', '收货计费重', '收货备注', '发货备注', '客户名称', '收件人邮编', '收件人公司', '收件人姓名', '收件人地址1', '收件人电话', '城市', '申报价值', '申报币种']
2025-09-21 11:17:39,777 - INFO - 开始处理UPS数据
2025-09-21 11:17:39,777 - INFO - 开始获取模板总结单工作表: C:/Users/A/Desktop/liao/UPS总结单-.xlsx
2025-09-21 11:17:39,926 - INFO - 模板包含的工作表: ['总结单', '运单信息', '统计', '德国邮编', '子单号']
2025-09-21 11:17:39,926 - INFO - 找到总结单工作表: '总结单'
2025-09-21 11:17:39,927 - INFO - 工作表范围: 63行 x 14列
2025-09-21 11:17:39,927 - INFO - 总结单工作表分析完成:
2025-09-21 11:17:39,927 - INFO -   - 工作表名称: '总结单'
2025-09-21 11:17:39,927 - INFO -   - 第一个空行: 第7行
2025-09-21 11:17:39,927 - INFO -   - Collection Total行: 第54行
2025-09-21 11:17:39,927 - INFO - 原始数据可用列: ['偏远', '客服扣货', '财务扣货', '报关方式', '操作状态', '收货站点', '收货时间', '收货渠道', '发货渠道', '柜号', '订仓号', '港前客服', '销售员', '客户单号', '转单号', '申报中文品名', '件数', '国家二字码', '收货实重', '收货材积重', '方数', '收货计费重', '收货备注', '发货备注', '客户名称', '收件人邮编', '收件人公司', '收件人姓名', '收件人地址1', '收件人电话', '城市', '申报价值', '申报币种']
2025-09-21 11:17:39,927 - INFO - 开始填充第 7 行数据
2025-09-21 11:17:39,927 - WARNING - 字段 'Tracking Number' 在原始数据中不存在，跳过
2025-09-21 11:17:39,927 - WARNING - 字段 'Packages' 在原始数据中不存在，跳过
2025-09-21 11:17:39,927 - WARNING - 字段 'G.W' 在原始数据中不存在，跳过
2025-09-21 11:17:39,928 - WARNING - 字段 'V.G' 在原始数据中不存在，跳过
2025-09-21 11:17:39,928 - WARNING - 字段 'ZIP code' 在原始数据中不存在，跳过
2025-09-21 11:17:39,928 - WARNING - 字段 'country' 在原始数据中不存在，跳过
2025-09-21 11:17:39,928 - INFO - 开始填充第 8 行数据
2025-09-21 11:17:39,928 - WARNING - 字段 'Tracking Number' 在原始数据中不存在，跳过
2025-09-21 11:17:39,928 - WARNING - 字段 'Packages' 在原始数据中不存在，跳过
2025-09-21 11:17:39,928 - WARNING - 字段 'G.W' 在原始数据中不存在，跳过
2025-09-21 11:17:39,928 - WARNING - 字段 'V.G' 在原始数据中不存在，跳过
2025-09-21 11:17:39,928 - WARNING - 字段 'ZIP code' 在原始数据中不存在，跳过
2025-09-21 11:17:39,928 - WARNING - 字段 'country' 在原始数据中不存在，跳过
2025-09-21 11:17:39,928 - INFO - 开始填充第 9 行数据
2025-09-21 11:17:39,928 - WARNING - 字段 'Tracking Number' 在原始数据中不存在，跳过
2025-09-21 11:17:39,928 - WARNING - 字段 'Packages' 在原始数据中不存在，跳过
2025-09-21 11:17:39,928 - WARNING - 字段 'G.W' 在原始数据中不存在，跳过
2025-09-21 11:17:39,928 - WARNING - 字段 'V.G' 在原始数据中不存在，跳过
2025-09-21 11:17:39,928 - WARNING - 字段 'ZIP code' 在原始数据中不存在，跳过
2025-09-21 11:17:39,928 - WARNING - 字段 'country' 在原始数据中不存在，跳过
2025-09-21 11:17:39,928 - INFO - 开始填充第 10 行数据
2025-09-21 11:17:39,929 - WARNING - 字段 'Tracking Number' 在原始数据中不存在，跳过
2025-09-21 11:17:39,929 - WARNING - 字段 'Packages' 在原始数据中不存在，跳过
2025-09-21 11:17:39,929 - WARNING - 字段 'G.W' 在原始数据中不存在，跳过
2025-09-21 11:17:39,929 - WARNING - 字段 'V.G' 在原始数据中不存在，跳过
2025-09-21 11:17:39,929 - WARNING - 字段 'ZIP code' 在原始数据中不存在，跳过
2025-09-21 11:17:39,929 - WARNING - 字段 'country' 在原始数据中不存在，跳过
2025-09-21 11:17:39,929 - INFO - 开始填充第 11 行数据
2025-09-21 11:17:39,929 - WARNING - 字段 'Tracking Number' 在原始数据中不存在，跳过
2025-09-21 11:17:39,929 - WARNING - 字段 'Packages' 在原始数据中不存在，跳过
2025-09-21 11:17:39,929 - WARNING - 字段 'G.W' 在原始数据中不存在，跳过
2025-09-21 11:17:39,929 - WARNING - 字段 'V.G' 在原始数据中不存在，跳过
2025-09-21 11:17:39,929 - WARNING - 字段 'ZIP code' 在原始数据中不存在，跳过
2025-09-21 11:17:39,929 - WARNING - 字段 'country' 在原始数据中不存在，跳过
2025-09-21 11:17:39,929 - INFO - 开始填充第 12 行数据
2025-09-21 11:17:39,929 - WARNING - 字段 'Tracking Number' 在原始数据中不存在，跳过
2025-09-21 11:17:39,929 - WARNING - 字段 'Packages' 在原始数据中不存在，跳过
2025-09-21 11:17:39,929 - WARNING - 字段 'G.W' 在原始数据中不存在，跳过
2025-09-21 11:17:39,929 - WARNING - 字段 'V.G' 在原始数据中不存在，跳过
2025-09-21 11:17:39,929 - WARNING - 字段 'ZIP code' 在原始数据中不存在，跳过
2025-09-21 11:17:39,929 - WARNING - 字段 'country' 在原始数据中不存在，跳过
2025-09-21 11:17:39,930 - INFO - 开始填充第 13 行数据
2025-09-21 11:17:39,930 - WARNING - 字段 'Tracking Number' 在原始数据中不存在，跳过
2025-09-21 11:17:39,930 - WARNING - 字段 'Packages' 在原始数据中不存在，跳过
2025-09-21 11:17:39,930 - WARNING - 字段 'G.W' 在原始数据中不存在，跳过
2025-09-21 11:17:39,930 - WARNING - 字段 'V.G' 在原始数据中不存在，跳过
2025-09-21 11:17:39,930 - WARNING - 字段 'ZIP code' 在原始数据中不存在，跳过
2025-09-21 11:17:39,930 - WARNING - 字段 'country' 在原始数据中不存在，跳过
2025-09-21 11:17:39,930 - INFO - 开始填充第 14 行数据
2025-09-21 11:17:39,930 - WARNING - 字段 'Tracking Number' 在原始数据中不存在，跳过
2025-09-21 11:17:39,930 - WARNING - 字段 'Packages' 在原始数据中不存在，跳过
2025-09-21 11:17:39,930 - WARNING - 字段 'G.W' 在原始数据中不存在，跳过
2025-09-21 11:17:39,930 - WARNING - 字段 'V.G' 在原始数据中不存在，跳过
2025-09-21 11:17:39,930 - WARNING - 字段 'ZIP code' 在原始数据中不存在，跳过
2025-09-21 11:17:39,930 - WARNING - 字段 'country' 在原始数据中不存在，跳过
2025-09-21 11:17:39,930 - INFO - 开始填充第 15 行数据
2025-09-21 11:17:39,930 - WARNING - 字段 'Tracking Number' 在原始数据中不存在，跳过
2025-09-21 11:17:39,930 - WARNING - 字段 'Packages' 在原始数据中不存在，跳过
2025-09-21 11:17:39,930 - WARNING - 字段 'G.W' 在原始数据中不存在，跳过
2025-09-21 11:17:39,930 - WARNING - 字段 'V.G' 在原始数据中不存在，跳过
2025-09-21 11:17:39,930 - WARNING - 字段 'ZIP code' 在原始数据中不存在，跳过
2025-09-21 11:17:39,930 - WARNING - 字段 'country' 在原始数据中不存在，跳过
2025-09-21 11:17:39,931 - INFO - 开始填充第 16 行数据
2025-09-21 11:17:39,931 - WARNING - 字段 'Tracking Number' 在原始数据中不存在，跳过
2025-09-21 11:17:39,931 - WARNING - 字段 'Packages' 在原始数据中不存在，跳过
2025-09-21 11:17:39,931 - WARNING - 字段 'G.W' 在原始数据中不存在，跳过
2025-09-21 11:17:39,931 - WARNING - 字段 'V.G' 在原始数据中不存在，跳过
2025-09-21 11:17:39,931 - WARNING - 字段 'ZIP code' 在原始数据中不存在，跳过
2025-09-21 11:17:39,931 - WARNING - 字段 'country' 在原始数据中不存在，跳过
2025-09-21 11:17:39,931 - INFO - 开始填充第 17 行数据
2025-09-21 11:17:39,931 - WARNING - 字段 'Tracking Number' 在原始数据中不存在，跳过
2025-09-21 11:17:39,931 - WARNING - 字段 'Packages' 在原始数据中不存在，跳过
2025-09-21 11:17:39,931 - WARNING - 字段 'G.W' 在原始数据中不存在，跳过
2025-09-21 11:17:39,931 - WARNING - 字段 'V.G' 在原始数据中不存在，跳过
2025-09-21 11:17:39,931 - WARNING - 字段 'ZIP code' 在原始数据中不存在，跳过
2025-09-21 11:17:39,931 - WARNING - 字段 'country' 在原始数据中不存在，跳过
2025-09-21 11:17:39,931 - INFO - 开始填充第 18 行数据
2025-09-21 11:17:39,931 - WARNING - 字段 'Tracking Number' 在原始数据中不存在，跳过
2025-09-21 11:17:39,932 - WARNING - 字段 'Packages' 在原始数据中不存在，跳过
2025-09-21 11:17:39,932 - WARNING - 字段 'G.W' 在原始数据中不存在，跳过
2025-09-21 11:17:39,932 - WARNING - 字段 'V.G' 在原始数据中不存在，跳过
2025-09-21 11:17:39,932 - WARNING - 字段 'ZIP code' 在原始数据中不存在，跳过
2025-09-21 11:17:39,932 - WARNING - 字段 'country' 在原始数据中不存在，跳过
2025-09-21 11:17:39,932 - INFO - 开始填充第 19 行数据
2025-09-21 11:17:39,932 - WARNING - 字段 'Tracking Number' 在原始数据中不存在，跳过
2025-09-21 11:17:39,932 - WARNING - 字段 'Packages' 在原始数据中不存在，跳过
2025-09-21 11:17:39,932 - WARNING - 字段 'G.W' 在原始数据中不存在，跳过
2025-09-21 11:17:39,932 - WARNING - 字段 'V.G' 在原始数据中不存在，跳过
2025-09-21 11:17:39,932 - WARNING - 字段 'ZIP code' 在原始数据中不存在，跳过
2025-09-21 11:17:39,932 - WARNING - 字段 'country' 在原始数据中不存在，跳过
2025-09-21 11:17:39,932 - INFO - 开始填充第 20 行数据
2025-09-21 11:17:39,932 - WARNING - 字段 'Tracking Number' 在原始数据中不存在，跳过
2025-09-21 11:17:39,932 - WARNING - 字段 'Packages' 在原始数据中不存在，跳过
2025-09-21 11:17:39,932 - WARNING - 字段 'G.W' 在原始数据中不存在，跳过
2025-09-21 11:17:39,932 - WARNING - 字段 'V.G' 在原始数据中不存在，跳过
2025-09-21 11:17:39,932 - WARNING - 字段 'ZIP code' 在原始数据中不存在，跳过
2025-09-21 11:17:39,932 - WARNING - 字段 'country' 在原始数据中不存在，跳过
2025-09-21 11:17:39,932 - INFO - 开始填充第 21 行数据
2025-09-21 11:17:39,932 - WARNING - 字段 'Tracking Number' 在原始数据中不存在，跳过
2025-09-21 11:17:39,932 - WARNING - 字段 'Packages' 在原始数据中不存在，跳过
2025-09-21 11:17:39,933 - WARNING - 字段 'G.W' 在原始数据中不存在，跳过
2025-09-21 11:17:39,933 - WARNING - 字段 'V.G' 在原始数据中不存在，跳过
2025-09-21 11:17:39,933 - WARNING - 字段 'ZIP code' 在原始数据中不存在，跳过
2025-09-21 11:17:39,933 - WARNING - 字段 'country' 在原始数据中不存在，跳过
2025-09-21 11:17:39,933 - INFO - 开始填充第 22 行数据
2025-09-21 11:17:39,933 - WARNING - 字段 'Tracking Number' 在原始数据中不存在，跳过
2025-09-21 11:17:39,933 - WARNING - 字段 'Packages' 在原始数据中不存在，跳过
2025-09-21 11:17:39,933 - WARNING - 字段 'G.W' 在原始数据中不存在，跳过
2025-09-21 11:17:39,933 - WARNING - 字段 'V.G' 在原始数据中不存在，跳过
2025-09-21 11:17:39,933 - WARNING - 字段 'ZIP code' 在原始数据中不存在，跳过
2025-09-21 11:17:39,933 - WARNING - 字段 'country' 在原始数据中不存在，跳过
2025-09-21 11:17:39,933 - INFO - 开始填充第 23 行数据
2025-09-21 11:17:39,933 - WARNING - 字段 'Tracking Number' 在原始数据中不存在，跳过
2025-09-21 11:17:39,933 - WARNING - 字段 'Packages' 在原始数据中不存在，跳过
2025-09-21 11:17:39,933 - WARNING - 字段 'G.W' 在原始数据中不存在，跳过
2025-09-21 11:17:39,933 - WARNING - 字段 'V.G' 在原始数据中不存在，跳过
2025-09-21 11:17:39,933 - WARNING - 字段 'ZIP code' 在原始数据中不存在，跳过
2025-09-21 11:17:39,933 - WARNING - 字段 'country' 在原始数据中不存在，跳过
2025-09-21 11:17:39,933 - INFO - 开始填充第 24 行数据
2025-09-21 11:17:39,933 - WARNING - 字段 'Tracking Number' 在原始数据中不存在，跳过
2025-09-21 11:17:39,933 - WARNING - 字段 'Packages' 在原始数据中不存在，跳过
2025-09-21 11:17:39,933 - WARNING - 字段 'G.W' 在原始数据中不存在，跳过
2025-09-21 11:17:39,934 - WARNING - 字段 'V.G' 在原始数据中不存在，跳过
2025-09-21 11:17:39,934 - WARNING - 字段 'ZIP code' 在原始数据中不存在，跳过
2025-09-21 11:17:39,934 - WARNING - 字段 'country' 在原始数据中不存在，跳过
2025-09-21 11:17:39,934 - INFO - 开始填充第 25 行数据
2025-09-21 11:17:39,934 - WARNING - 字段 'Tracking Number' 在原始数据中不存在，跳过
2025-09-21 11:17:39,934 - WARNING - 字段 'Packages' 在原始数据中不存在，跳过
2025-09-21 11:17:39,934 - WARNING - 字段 'G.W' 在原始数据中不存在，跳过
2025-09-21 11:17:39,934 - WARNING - 字段 'V.G' 在原始数据中不存在，跳过
2025-09-21 11:17:39,934 - WARNING - 字段 'ZIP code' 在原始数据中不存在，跳过
2025-09-21 11:17:39,934 - WARNING - 字段 'country' 在原始数据中不存在，跳过
2025-09-21 11:17:39,934 - INFO - 开始填充第 26 行数据
2025-09-21 11:17:39,934 - WARNING - 字段 'Tracking Number' 在原始数据中不存在，跳过
2025-09-21 11:17:39,934 - WARNING - 字段 'Packages' 在原始数据中不存在，跳过
2025-09-21 11:17:39,934 - WARNING - 字段 'G.W' 在原始数据中不存在，跳过
2025-09-21 11:17:39,934 - WARNING - 字段 'V.G' 在原始数据中不存在，跳过
2025-09-21 11:17:39,934 - WARNING - 字段 'ZIP code' 在原始数据中不存在，跳过
2025-09-21 11:17:39,934 - WARNING - 字段 'country' 在原始数据中不存在，跳过
2025-09-21 11:17:39,934 - INFO - 开始填充第 27 行数据
2025-09-21 11:17:39,934 - WARNING - 字段 'Tracking Number' 在原始数据中不存在，跳过
2025-09-21 11:17:39,934 - WARNING - 字段 'Packages' 在原始数据中不存在，跳过
2025-09-21 11:17:39,934 - WARNING - 字段 'G.W' 在原始数据中不存在，跳过
2025-09-21 11:17:39,935 - WARNING - 字段 'V.G' 在原始数据中不存在，跳过
2025-09-21 11:17:39,935 - WARNING - 字段 'ZIP code' 在原始数据中不存在，跳过
2025-09-21 11:17:39,935 - WARNING - 字段 'country' 在原始数据中不存在，跳过
2025-09-21 11:17:39,935 - INFO - 开始填充第 28 行数据
2025-09-21 11:17:39,935 - WARNING - 字段 'Tracking Number' 在原始数据中不存在，跳过
2025-09-21 11:17:39,935 - WARNING - 字段 'Packages' 在原始数据中不存在，跳过
2025-09-21 11:17:39,935 - WARNING - 字段 'G.W' 在原始数据中不存在，跳过
2025-09-21 11:17:39,935 - WARNING - 字段 'V.G' 在原始数据中不存在，跳过
2025-09-21 11:17:39,935 - WARNING - 字段 'ZIP code' 在原始数据中不存在，跳过
2025-09-21 11:17:39,935 - WARNING - 字段 'country' 在原始数据中不存在，跳过
2025-09-21 11:17:39,935 - INFO - 开始填充第 29 行数据
2025-09-21 11:17:39,935 - WARNING - 字段 'Tracking Number' 在原始数据中不存在，跳过
2025-09-21 11:17:39,935 - WARNING - 字段 'Packages' 在原始数据中不存在，跳过
2025-09-21 11:17:39,935 - WARNING - 字段 'G.W' 在原始数据中不存在，跳过
2025-09-21 11:17:39,935 - WARNING - 字段 'V.G' 在原始数据中不存在，跳过
2025-09-21 11:17:39,935 - WARNING - 字段 'ZIP code' 在原始数据中不存在，跳过
2025-09-21 11:17:39,935 - WARNING - 字段 'country' 在原始数据中不存在，跳过
2025-09-21 11:17:39,935 - INFO - 开始填充第 30 行数据
2025-09-21 11:17:39,935 - WARNING - 字段 'Tracking Number' 在原始数据中不存在，跳过
2025-09-21 11:17:39,936 - WARNING - 字段 'Packages' 在原始数据中不存在，跳过
2025-09-21 11:17:39,936 - WARNING - 字段 'G.W' 在原始数据中不存在，跳过
2025-09-21 11:17:39,936 - WARNING - 字段 'V.G' 在原始数据中不存在，跳过
2025-09-21 11:17:39,936 - WARNING - 字段 'ZIP code' 在原始数据中不存在，跳过
2025-09-21 11:17:39,936 - WARNING - 字段 'country' 在原始数据中不存在，跳过
2025-09-21 11:17:39,936 - INFO - 开始填充第 31 行数据
2025-09-21 11:17:39,936 - WARNING - 字段 'Tracking Number' 在原始数据中不存在，跳过
2025-09-21 11:17:39,936 - WARNING - 字段 'Packages' 在原始数据中不存在，跳过
2025-09-21 11:17:39,936 - WARNING - 字段 'G.W' 在原始数据中不存在，跳过
2025-09-21 11:17:39,936 - WARNING - 字段 'V.G' 在原始数据中不存在，跳过
2025-09-21 11:17:39,936 - WARNING - 字段 'ZIP code' 在原始数据中不存在，跳过
2025-09-21 11:17:39,936 - WARNING - 字段 'country' 在原始数据中不存在，跳过
2025-09-21 11:17:39,936 - INFO - 开始填充第 32 行数据
2025-09-21 11:17:39,936 - WARNING - 字段 'Tracking Number' 在原始数据中不存在，跳过
2025-09-21 11:17:39,936 - WARNING - 字段 'Packages' 在原始数据中不存在，跳过
2025-09-21 11:17:39,936 - WARNING - 字段 'G.W' 在原始数据中不存在，跳过
2025-09-21 11:17:39,936 - WARNING - 字段 'V.G' 在原始数据中不存在，跳过
2025-09-21 11:17:39,936 - WARNING - 字段 'ZIP code' 在原始数据中不存在，跳过
2025-09-21 11:17:39,936 - WARNING - 字段 'country' 在原始数据中不存在，跳过
2025-09-21 11:17:39,936 - INFO - 开始填充第 33 行数据
2025-09-21 11:17:39,936 - WARNING - 字段 'Tracking Number' 在原始数据中不存在，跳过
2025-09-21 11:17:39,937 - WARNING - 字段 'Packages' 在原始数据中不存在，跳过
2025-09-21 11:17:39,937 - WARNING - 字段 'G.W' 在原始数据中不存在，跳过
2025-09-21 11:17:39,937 - WARNING - 字段 'V.G' 在原始数据中不存在，跳过
2025-09-21 11:17:39,937 - WARNING - 字段 'ZIP code' 在原始数据中不存在，跳过
2025-09-21 11:17:39,937 - WARNING - 字段 'country' 在原始数据中不存在，跳过
2025-09-21 11:17:39,937 - INFO - 开始填充第 34 行数据
2025-09-21 11:17:39,937 - WARNING - 字段 'Tracking Number' 在原始数据中不存在，跳过
2025-09-21 11:17:39,937 - WARNING - 字段 'Packages' 在原始数据中不存在，跳过
2025-09-21 11:17:39,937 - WARNING - 字段 'G.W' 在原始数据中不存在，跳过
2025-09-21 11:17:39,937 - WARNING - 字段 'V.G' 在原始数据中不存在，跳过
2025-09-21 11:17:39,937 - WARNING - 字段 'ZIP code' 在原始数据中不存在，跳过
2025-09-21 11:17:39,937 - WARNING - 字段 'country' 在原始数据中不存在，跳过
2025-09-21 11:17:39,937 - INFO - 开始填充第 35 行数据
2025-09-21 11:17:39,937 - WARNING - 字段 'Tracking Number' 在原始数据中不存在，跳过
2025-09-21 11:17:39,937 - WARNING - 字段 'Packages' 在原始数据中不存在，跳过
2025-09-21 11:17:39,937 - WARNING - 字段 'G.W' 在原始数据中不存在，跳过
2025-09-21 11:17:39,937 - WARNING - 字段 'V.G' 在原始数据中不存在，跳过
2025-09-21 11:17:39,937 - WARNING - 字段 'ZIP code' 在原始数据中不存在，跳过
2025-09-21 11:17:39,937 - WARNING - 字段 'country' 在原始数据中不存在，跳过
2025-09-21 11:17:39,937 - INFO - 开始填充第 36 行数据
2025-09-21 11:17:39,937 - WARNING - 字段 'Tracking Number' 在原始数据中不存在，跳过
2025-09-21 11:17:39,938 - WARNING - 字段 'Packages' 在原始数据中不存在，跳过
2025-09-21 11:17:39,938 - WARNING - 字段 'G.W' 在原始数据中不存在，跳过
2025-09-21 11:17:39,938 - WARNING - 字段 'V.G' 在原始数据中不存在，跳过
2025-09-21 11:17:39,938 - WARNING - 字段 'ZIP code' 在原始数据中不存在，跳过
2025-09-21 11:17:39,938 - WARNING - 字段 'country' 在原始数据中不存在，跳过
2025-09-21 11:17:39,938 - INFO - 开始填充第 37 行数据
2025-09-21 11:17:39,938 - WARNING - 字段 'Tracking Number' 在原始数据中不存在，跳过
2025-09-21 11:17:39,938 - WARNING - 字段 'Packages' 在原始数据中不存在，跳过
2025-09-21 11:17:39,938 - WARNING - 字段 'G.W' 在原始数据中不存在，跳过
2025-09-21 11:17:39,938 - WARNING - 字段 'V.G' 在原始数据中不存在，跳过
2025-09-21 11:17:39,938 - WARNING - 字段 'ZIP code' 在原始数据中不存在，跳过
2025-09-21 11:17:39,938 - WARNING - 字段 'country' 在原始数据中不存在，跳过
2025-09-21 11:17:39,938 - INFO - 开始填充第 38 行数据
2025-09-21 11:17:39,938 - WARNING - 字段 'Tracking Number' 在原始数据中不存在，跳过
2025-09-21 11:17:39,938 - WARNING - 字段 'Packages' 在原始数据中不存在，跳过
2025-09-21 11:17:39,938 - WARNING - 字段 'G.W' 在原始数据中不存在，跳过
2025-09-21 11:17:39,938 - WARNING - 字段 'V.G' 在原始数据中不存在，跳过
2025-09-21 11:17:39,938 - WARNING - 字段 'ZIP code' 在原始数据中不存在，跳过
2025-09-21 11:17:39,938 - WARNING - 字段 'country' 在原始数据中不存在，跳过
2025-09-21 11:17:39,938 - INFO - 开始填充第 39 行数据
2025-09-21 11:17:39,938 - WARNING - 字段 'Tracking Number' 在原始数据中不存在，跳过
2025-09-21 11:17:39,939 - WARNING - 字段 'Packages' 在原始数据中不存在，跳过
2025-09-21 11:17:39,939 - WARNING - 字段 'G.W' 在原始数据中不存在，跳过
2025-09-21 11:17:39,939 - WARNING - 字段 'V.G' 在原始数据中不存在，跳过
2025-09-21 11:17:39,939 - WARNING - 字段 'ZIP code' 在原始数据中不存在，跳过
2025-09-21 11:17:39,939 - WARNING - 字段 'country' 在原始数据中不存在，跳过
2025-09-21 11:17:39,939 - INFO - 开始填充第 40 行数据
2025-09-21 11:17:39,939 - WARNING - 字段 'Tracking Number' 在原始数据中不存在，跳过
2025-09-21 11:17:39,939 - WARNING - 字段 'Packages' 在原始数据中不存在，跳过
2025-09-21 11:17:39,939 - WARNING - 字段 'G.W' 在原始数据中不存在，跳过
2025-09-21 11:17:39,939 - WARNING - 字段 'V.G' 在原始数据中不存在，跳过
2025-09-21 11:17:39,939 - WARNING - 字段 'ZIP code' 在原始数据中不存在，跳过
2025-09-21 11:17:39,939 - WARNING - 字段 'country' 在原始数据中不存在，跳过
2025-09-21 11:17:39,939 - INFO - 开始填充第 41 行数据
2025-09-21 11:17:39,939 - WARNING - 字段 'Tracking Number' 在原始数据中不存在，跳过
2025-09-21 11:17:39,939 - WARNING - 字段 'Packages' 在原始数据中不存在，跳过
2025-09-21 11:17:39,939 - WARNING - 字段 'G.W' 在原始数据中不存在，跳过
2025-09-21 11:17:39,939 - WARNING - 字段 'V.G' 在原始数据中不存在，跳过
2025-09-21 11:17:39,939 - WARNING - 字段 'ZIP code' 在原始数据中不存在，跳过
2025-09-21 11:17:39,939 - WARNING - 字段 'country' 在原始数据中不存在，跳过
2025-09-21 11:17:39,939 - INFO - 开始填充第 42 行数据
2025-09-21 11:17:39,939 - WARNING - 字段 'Tracking Number' 在原始数据中不存在，跳过
2025-09-21 11:17:39,939 - WARNING - 字段 'Packages' 在原始数据中不存在，跳过
2025-09-21 11:17:39,940 - WARNING - 字段 'G.W' 在原始数据中不存在，跳过
2025-09-21 11:17:39,940 - WARNING - 字段 'V.G' 在原始数据中不存在，跳过
2025-09-21 11:17:39,940 - WARNING - 字段 'ZIP code' 在原始数据中不存在，跳过
2025-09-21 11:17:39,940 - WARNING - 字段 'country' 在原始数据中不存在，跳过
2025-09-21 11:17:39,940 - INFO - 开始填充第 43 行数据
2025-09-21 11:17:39,940 - WARNING - 字段 'Tracking Number' 在原始数据中不存在，跳过
2025-09-21 11:17:39,940 - WARNING - 字段 'Packages' 在原始数据中不存在，跳过
2025-09-21 11:17:39,940 - WARNING - 字段 'G.W' 在原始数据中不存在，跳过
2025-09-21 11:17:39,940 - WARNING - 字段 'V.G' 在原始数据中不存在，跳过
2025-09-21 11:17:39,940 - WARNING - 字段 'ZIP code' 在原始数据中不存在，跳过
2025-09-21 11:17:39,940 - WARNING - 字段 'country' 在原始数据中不存在，跳过
2025-09-21 11:17:39,940 - INFO - 开始填充第 44 行数据
2025-09-21 11:17:39,940 - WARNING - 字段 'Tracking Number' 在原始数据中不存在，跳过
2025-09-21 11:17:39,940 - WARNING - 字段 'Packages' 在原始数据中不存在，跳过
2025-09-21 11:17:39,940 - WARNING - 字段 'G.W' 在原始数据中不存在，跳过
2025-09-21 11:17:39,940 - WARNING - 字段 'V.G' 在原始数据中不存在，跳过
2025-09-21 11:17:39,940 - WARNING - 字段 'ZIP code' 在原始数据中不存在，跳过
2025-09-21 11:17:39,940 - WARNING - 字段 'country' 在原始数据中不存在，跳过
2025-09-21 11:17:39,940 - INFO - 开始填充第 45 行数据
2025-09-21 11:17:39,940 - WARNING - 字段 'Tracking Number' 在原始数据中不存在，跳过
2025-09-21 11:17:39,940 - WARNING - 字段 'Packages' 在原始数据中不存在，跳过
2025-09-21 11:17:39,941 - WARNING - 字段 'G.W' 在原始数据中不存在，跳过
2025-09-21 11:17:39,941 - WARNING - 字段 'V.G' 在原始数据中不存在，跳过
2025-09-21 11:17:39,941 - WARNING - 字段 'ZIP code' 在原始数据中不存在，跳过
2025-09-21 11:17:39,941 - WARNING - 字段 'country' 在原始数据中不存在，跳过
2025-09-21 11:17:39,941 - INFO - 开始填充第 46 行数据
2025-09-21 11:17:39,941 - WARNING - 字段 'Tracking Number' 在原始数据中不存在，跳过
2025-09-21 11:17:39,941 - WARNING - 字段 'Packages' 在原始数据中不存在，跳过
2025-09-21 11:17:39,941 - WARNING - 字段 'G.W' 在原始数据中不存在，跳过
2025-09-21 11:17:39,941 - WARNING - 字段 'V.G' 在原始数据中不存在，跳过
2025-09-21 11:17:39,941 - WARNING - 字段 'ZIP code' 在原始数据中不存在，跳过
2025-09-21 11:17:39,941 - WARNING - 字段 'country' 在原始数据中不存在，跳过
2025-09-21 11:17:39,941 - INFO - 开始填充第 47 行数据
2025-09-21 11:17:39,941 - WARNING - 字段 'Tracking Number' 在原始数据中不存在，跳过
2025-09-21 11:17:39,941 - WARNING - 字段 'Packages' 在原始数据中不存在，跳过
2025-09-21 11:17:39,941 - WARNING - 字段 'G.W' 在原始数据中不存在，跳过
2025-09-21 11:17:39,941 - WARNING - 字段 'V.G' 在原始数据中不存在，跳过
2025-09-21 11:17:39,941 - WARNING - 字段 'ZIP code' 在原始数据中不存在，跳过
2025-09-21 11:17:39,941 - WARNING - 字段 'country' 在原始数据中不存在，跳过
2025-09-21 11:17:39,941 - INFO - 开始填充第 48 行数据
2025-09-21 11:17:39,942 - WARNING - 字段 'Tracking Number' 在原始数据中不存在，跳过
2025-09-21 11:17:39,942 - WARNING - 字段 'Packages' 在原始数据中不存在，跳过
2025-09-21 11:17:39,942 - WARNING - 字段 'G.W' 在原始数据中不存在，跳过
2025-09-21 11:17:39,942 - WARNING - 字段 'V.G' 在原始数据中不存在，跳过
2025-09-21 11:17:39,942 - WARNING - 字段 'ZIP code' 在原始数据中不存在，跳过
2025-09-21 11:17:39,942 - WARNING - 字段 'country' 在原始数据中不存在，跳过
2025-09-21 11:17:39,942 - INFO - 开始填充第 49 行数据
2025-09-21 11:17:39,942 - WARNING - 字段 'Tracking Number' 在原始数据中不存在，跳过
2025-09-21 11:17:39,942 - WARNING - 字段 'Packages' 在原始数据中不存在，跳过
2025-09-21 11:17:39,942 - WARNING - 字段 'G.W' 在原始数据中不存在，跳过
2025-09-21 11:17:39,942 - WARNING - 字段 'V.G' 在原始数据中不存在，跳过
2025-09-21 11:17:39,942 - WARNING - 字段 'ZIP code' 在原始数据中不存在，跳过
2025-09-21 11:17:39,942 - WARNING - 字段 'country' 在原始数据中不存在，跳过
2025-09-21 11:17:39,942 - INFO - 开始填充第 50 行数据
2025-09-21 11:17:39,942 - WARNING - 字段 'Tracking Number' 在原始数据中不存在，跳过
2025-09-21 11:17:39,942 - WARNING - 字段 'Packages' 在原始数据中不存在，跳过
2025-09-21 11:17:39,942 - WARNING - 字段 'G.W' 在原始数据中不存在，跳过
2025-09-21 11:17:39,942 - WARNING - 字段 'V.G' 在原始数据中不存在，跳过
2025-09-21 11:17:39,942 - WARNING - 字段 'ZIP code' 在原始数据中不存在，跳过
2025-09-21 11:17:39,942 - WARNING - 字段 'country' 在原始数据中不存在，跳过
2025-09-21 11:17:39,943 - INFO - 开始填充第 51 行数据
2025-09-21 11:17:39,943 - WARNING - 字段 'Tracking Number' 在原始数据中不存在，跳过
2025-09-21 11:17:39,943 - WARNING - 字段 'Packages' 在原始数据中不存在，跳过
2025-09-21 11:17:39,943 - WARNING - 字段 'G.W' 在原始数据中不存在，跳过
2025-09-21 11:17:39,943 - WARNING - 字段 'V.G' 在原始数据中不存在，跳过
2025-09-21 11:17:39,943 - WARNING - 字段 'ZIP code' 在原始数据中不存在，跳过
2025-09-21 11:17:39,943 - WARNING - 字段 'country' 在原始数据中不存在，跳过
2025-09-21 11:17:39,943 - INFO - 开始填充第 52 行数据
2025-09-21 11:17:39,943 - WARNING - 字段 'Tracking Number' 在原始数据中不存在，跳过
2025-09-21 11:17:39,943 - WARNING - 字段 'Packages' 在原始数据中不存在，跳过
2025-09-21 11:17:39,943 - WARNING - 字段 'G.W' 在原始数据中不存在，跳过
2025-09-21 11:17:39,943 - WARNING - 字段 'V.G' 在原始数据中不存在，跳过
2025-09-21 11:17:39,943 - WARNING - 字段 'ZIP code' 在原始数据中不存在，跳过
2025-09-21 11:17:39,943 - WARNING - 字段 'country' 在原始数据中不存在，跳过
2025-09-21 11:17:39,943 - INFO - 开始填充第 53 行数据
2025-09-21 11:17:39,943 - WARNING - 字段 'Tracking Number' 在原始数据中不存在，跳过
2025-09-21 11:17:39,943 - WARNING - 字段 'Packages' 在原始数据中不存在，跳过
2025-09-21 11:17:39,943 - WARNING - 字段 'G.W' 在原始数据中不存在，跳过
2025-09-21 11:17:39,943 - WARNING - 字段 'V.G' 在原始数据中不存在，跳过
2025-09-21 11:17:39,943 - WARNING - 字段 'ZIP code' 在原始数据中不存在，跳过
2025-09-21 11:17:39,943 - WARNING - 字段 'country' 在原始数据中不存在，跳过
2025-09-21 11:17:39,943 - INFO - 已填充 47 行数据到总结单工作表
2025-09-21 11:17:39,943 - ERROR - 处理UPS数据时出错: 'Worksheet' object has no attribute 'save'
2025-09-21 11:21:56,735 - INFO - 启动 Excel数据处理工具 v1.0.0
2025-09-21 11:22:08,815 - INFO - 开始读取Excel文件: C:/Users/A/Desktop/liao/数据列表 - 2025-09-09T192958.647.xlsx
2025-09-21 11:22:08,821 - INFO - 文件包含的sheet: ['数据清单']
2025-09-21 11:22:08,821 - INFO - 使用索引 0 访问sheet: '数据清单'
2025-09-21 11:22:08,832 - INFO - sheet '数据清单' 数据读取成功:
2025-09-21 11:22:08,832 - INFO -   - 原始大小: 6行 x 36列
2025-09-21 11:22:08,832 - INFO -   - 清理后大小: 6行 x 33列
2025-09-21 11:22:08,832 - INFO -   - 列名: ['偏远', '客服扣货', '财务扣货', '报关方式', '操作状态', '收货站点', '收货时间', '收货渠道', '发货渠道', '柜号', '订仓号', '港前客服', '销售员', '客户单号', '转单号', '申报中文品名', '件数', '国家二字码', '收货实重', '收货材积重', '方数', '收货计费重', '收货备注', '发货备注', '客户名称', '收件人邮编', '收件人公司', '收件人姓名', '收件人地址1', '收件人电话', '城市', '申报价值', '申报币种']
2025-09-21 11:22:08,833 - INFO - 开始处理UPS数据
2025-09-21 11:22:08,833 - INFO - 开始获取模板总结单工作表: C:/Users/A/Desktop/liao/UPS总结单-.xlsx
2025-09-21 11:22:08,977 - INFO - 模板包含的工作表: ['总结单', '运单信息', '统计', '德国邮编', '子单号']
2025-09-21 11:22:08,977 - INFO - 找到总结单工作表: '总结单'
2025-09-21 11:22:08,977 - INFO - 工作表范围: 63行 x 14列
2025-09-21 11:22:08,977 - INFO - 总结单工作表分析完成:
2025-09-21 11:22:08,978 - INFO -   - 工作表名称: '总结单'
2025-09-21 11:22:08,978 - INFO -   - 第一个空行: 第7行
2025-09-21 11:22:08,978 - INFO -   - Collection Total行: 第54行
2025-09-21 11:22:08,978 - INFO - 原始数据可用列: ['偏远', '客服扣货', '财务扣货', '报关方式', '操作状态', '收货站点', '收货时间', '收货渠道', '发货渠道', '柜号', '订仓号', '港前客服', '销售员', '客户单号', '转单号', '申报中文品名', '件数', '国家二字码', '收货实重', '收货材积重', '方数', '收货计费重', '收货备注', '发货备注', '客户名称', '收件人邮编', '收件人公司', '收件人姓名', '收件人地址1', '收件人电话', '城市', '申报价值', '申报币种']
2025-09-21 11:22:08,978 - INFO - 原始数据可用行: [0, 1, 2, 3, 4, 5]
2025-09-21 11:22:08,978 - WARNING - 字段 'Tracking Number' 在原始数据中不存在，跳过
2025-09-21 11:22:08,978 - WARNING - 字段 'Packages' 在原始数据中不存在，跳过
2025-09-21 11:22:08,978 - WARNING - 字段 'G.W' 在原始数据中不存在，跳过
2025-09-21 11:22:08,978 - WARNING - 字段 'V.G' 在原始数据中不存在，跳过
2025-09-21 11:22:08,978 - WARNING - 字段 'ZIP code' 在原始数据中不存在，跳过
2025-09-21 11:22:08,978 - WARNING - 字段 'country' 在原始数据中不存在，跳过
2025-09-21 11:22:08,979 - WARNING - 字段 'Tracking Number' 在原始数据中不存在，跳过
2025-09-21 11:22:08,979 - WARNING - 字段 'Packages' 在原始数据中不存在，跳过
2025-09-21 11:22:08,979 - WARNING - 字段 'G.W' 在原始数据中不存在，跳过
2025-09-21 11:22:08,979 - WARNING - 字段 'V.G' 在原始数据中不存在，跳过
2025-09-21 11:22:08,979 - WARNING - 字段 'ZIP code' 在原始数据中不存在，跳过
2025-09-21 11:22:08,979 - WARNING - 字段 'country' 在原始数据中不存在，跳过
2025-09-21 11:22:08,979 - WARNING - 字段 'Tracking Number' 在原始数据中不存在，跳过
2025-09-21 11:22:08,979 - WARNING - 字段 'Packages' 在原始数据中不存在，跳过
2025-09-21 11:22:08,979 - WARNING - 字段 'G.W' 在原始数据中不存在，跳过
2025-09-21 11:22:08,979 - WARNING - 字段 'V.G' 在原始数据中不存在，跳过
2025-09-21 11:22:08,979 - WARNING - 字段 'ZIP code' 在原始数据中不存在，跳过
2025-09-21 11:22:08,979 - WARNING - 字段 'country' 在原始数据中不存在，跳过
2025-09-21 11:22:08,979 - WARNING - 字段 'Tracking Number' 在原始数据中不存在，跳过
2025-09-21 11:22:08,979 - WARNING - 字段 'Packages' 在原始数据中不存在，跳过
2025-09-21 11:22:08,979 - WARNING - 字段 'G.W' 在原始数据中不存在，跳过
2025-09-21 11:22:08,979 - WARNING - 字段 'V.G' 在原始数据中不存在，跳过
2025-09-21 11:22:08,979 - WARNING - 字段 'ZIP code' 在原始数据中不存在，跳过
2025-09-21 11:22:08,979 - WARNING - 字段 'country' 在原始数据中不存在，跳过
2025-09-21 11:22:08,979 - WARNING - 字段 'Tracking Number' 在原始数据中不存在，跳过
2025-09-21 11:22:08,980 - WARNING - 字段 'Packages' 在原始数据中不存在，跳过
2025-09-21 11:22:08,980 - WARNING - 字段 'G.W' 在原始数据中不存在，跳过
2025-09-21 11:22:08,980 - WARNING - 字段 'V.G' 在原始数据中不存在，跳过
2025-09-21 11:22:08,980 - WARNING - 字段 'ZIP code' 在原始数据中不存在，跳过
2025-09-21 11:22:08,980 - WARNING - 字段 'country' 在原始数据中不存在，跳过
2025-09-21 11:22:08,980 - WARNING - 字段 'Tracking Number' 在原始数据中不存在，跳过
2025-09-21 11:22:08,980 - WARNING - 字段 'Packages' 在原始数据中不存在，跳过
2025-09-21 11:22:08,980 - WARNING - 字段 'G.W' 在原始数据中不存在，跳过
2025-09-21 11:22:08,980 - WARNING - 字段 'V.G' 在原始数据中不存在，跳过
2025-09-21 11:22:08,980 - WARNING - 字段 'ZIP code' 在原始数据中不存在，跳过
2025-09-21 11:22:08,980 - WARNING - 字段 'country' 在原始数据中不存在，跳过
2025-09-21 11:22:08,980 - INFO - 已填充 6 行数据到总结单工作表
2025-09-21 11:22:08,980 - ERROR - 处理UPS数据时出错: 'Worksheet' object has no attribute 'save'
2025-09-21 11:22:37,247 - INFO - 启动 Excel数据处理工具 v1.0.0
2025-09-21 11:22:55,078 - INFO - 开始读取Excel文件: C:/Users/A/Desktop/liao/数据列表 - 2025-09-09T192958.647.xlsx
2025-09-21 11:22:55,085 - INFO - 文件包含的sheet: ['数据清单']
2025-09-21 11:22:55,085 - INFO - 使用索引 0 访问sheet: '数据清单'
2025-09-21 11:22:55,094 - INFO - sheet '数据清单' 数据读取成功:
2025-09-21 11:22:55,094 - INFO -   - 原始大小: 6行 x 36列
2025-09-21 11:22:55,094 - INFO -   - 清理后大小: 6行 x 33列
2025-09-21 11:22:55,094 - INFO -   - 列名: ['偏远', '客服扣货', '财务扣货', '报关方式', '操作状态', '收货站点', '收货时间', '收货渠道', '发货渠道', '柜号', '订仓号', '港前客服', '销售员', '客户单号', '转单号', '申报中文品名', '件数', '国家二字码', '收货实重', '收货材积重', '方数', '收货计费重', '收货备注', '发货备注', '客户名称', '收件人邮编', '收件人公司', '收件人姓名', '收件人地址1', '收件人电话', '城市', '申报价值', '申报币种']
2025-09-21 11:22:55,094 - INFO - 开始处理UPS数据
2025-09-21 11:22:55,094 - INFO - 开始获取模板总结单工作表: C:/Users/A/Desktop/liao/UPS总结单-.xlsx
2025-09-21 11:22:55,231 - INFO - 模板包含的工作表: ['总结单', '运单信息', '统计', '德国邮编', '子单号']
2025-09-21 11:22:55,231 - INFO - 找到总结单工作表: '总结单'
2025-09-21 11:22:55,231 - INFO - 工作表范围: 63行 x 14列
2025-09-21 11:22:55,232 - INFO - 总结单工作表分析完成:
2025-09-21 11:22:55,232 - INFO -   - 工作表名称: '总结单'
2025-09-21 11:22:55,232 - INFO -   - 第一个空行: 第7行
2025-09-21 11:22:55,232 - INFO -   - Collection Total行: 第54行
2025-09-21 11:22:55,232 - INFO - 原始数据可用列: ['偏远', '客服扣货', '财务扣货', '报关方式', '操作状态', '收货站点', '收货时间', '收货渠道', '发货渠道', '柜号', '订仓号', '港前客服', '销售员', '客户单号', '转单号', '申报中文品名', '件数', '国家二字码', '收货实重', '收货材积重', '方数', '收货计费重', '收货备注', '发货备注', '客户名称', '收件人邮编', '收件人公司', '收件人姓名', '收件人地址1', '收件人电话', '城市', '申报价值', '申报币种']
2025-09-21 11:22:55,232 - INFO - 原始数据可用行: [0, 1, 2, 3, 4, 5]
2025-09-21 11:22:55,232 - WARNING - 字段 '转单号' 在原始数据中不存在，跳过
2025-09-21 11:22:55,232 - WARNING - 字段 '件数' 在原始数据中不存在，跳过
2025-09-21 11:22:55,232 - WARNING - 字段 '收货实重' 在原始数据中不存在，跳过
2025-09-21 11:22:55,232 - WARNING - 字段 '收货材积重' 在原始数据中不存在，跳过
2025-09-21 11:22:55,232 - WARNING - 字段 '收件人邮编' 在原始数据中不存在，跳过
2025-09-21 11:22:55,232 - WARNING - 字段 '国家二字码' 在原始数据中不存在，跳过
2025-09-21 11:22:55,233 - WARNING - 字段 '转单号' 在原始数据中不存在，跳过
2025-09-21 11:22:55,233 - WARNING - 字段 '件数' 在原始数据中不存在，跳过
2025-09-21 11:22:55,233 - WARNING - 字段 '收货实重' 在原始数据中不存在，跳过
2025-09-21 11:22:55,233 - WARNING - 字段 '收货材积重' 在原始数据中不存在，跳过
2025-09-21 11:22:55,233 - WARNING - 字段 '收件人邮编' 在原始数据中不存在，跳过
2025-09-21 11:22:55,233 - WARNING - 字段 '国家二字码' 在原始数据中不存在，跳过
2025-09-21 11:22:55,233 - WARNING - 字段 '转单号' 在原始数据中不存在，跳过
2025-09-21 11:22:55,233 - WARNING - 字段 '件数' 在原始数据中不存在，跳过
2025-09-21 11:22:55,233 - WARNING - 字段 '收货实重' 在原始数据中不存在，跳过
2025-09-21 11:22:55,233 - WARNING - 字段 '收货材积重' 在原始数据中不存在，跳过
2025-09-21 11:22:55,233 - WARNING - 字段 '收件人邮编' 在原始数据中不存在，跳过
2025-09-21 11:22:55,233 - WARNING - 字段 '国家二字码' 在原始数据中不存在，跳过
2025-09-21 11:22:55,233 - WARNING - 字段 '转单号' 在原始数据中不存在，跳过
2025-09-21 11:22:55,233 - WARNING - 字段 '件数' 在原始数据中不存在，跳过
2025-09-21 11:22:55,233 - WARNING - 字段 '收货实重' 在原始数据中不存在，跳过
2025-09-21 11:22:55,233 - WARNING - 字段 '收货材积重' 在原始数据中不存在，跳过
2025-09-21 11:22:55,233 - WARNING - 字段 '收件人邮编' 在原始数据中不存在，跳过
2025-09-21 11:22:55,233 - WARNING - 字段 '国家二字码' 在原始数据中不存在，跳过
2025-09-21 11:22:55,234 - WARNING - 字段 '转单号' 在原始数据中不存在，跳过
2025-09-21 11:22:55,234 - WARNING - 字段 '件数' 在原始数据中不存在，跳过
2025-09-21 11:22:55,234 - WARNING - 字段 '收货实重' 在原始数据中不存在，跳过
2025-09-21 11:22:55,234 - WARNING - 字段 '收货材积重' 在原始数据中不存在，跳过
2025-09-21 11:22:55,234 - WARNING - 字段 '收件人邮编' 在原始数据中不存在，跳过
2025-09-21 11:22:55,234 - WARNING - 字段 '国家二字码' 在原始数据中不存在，跳过
2025-09-21 11:22:55,234 - WARNING - 字段 '转单号' 在原始数据中不存在，跳过
2025-09-21 11:22:55,234 - WARNING - 字段 '件数' 在原始数据中不存在，跳过
2025-09-21 11:22:55,234 - WARNING - 字段 '收货实重' 在原始数据中不存在，跳过
2025-09-21 11:22:55,234 - WARNING - 字段 '收货材积重' 在原始数据中不存在，跳过
2025-09-21 11:22:55,234 - WARNING - 字段 '收件人邮编' 在原始数据中不存在，跳过
2025-09-21 11:22:55,234 - WARNING - 字段 '国家二字码' 在原始数据中不存在，跳过
2025-09-21 11:22:55,234 - INFO - 已填充 6 行数据到总结单工作表
2025-09-21 11:22:55,234 - ERROR - 处理UPS数据时出错: 'Worksheet' object has no attribute 'save'
2025-09-21 11:24:04,728 - INFO - 启动 Excel数据处理工具 v1.0.0
2025-09-21 11:24:19,414 - INFO - 开始读取Excel文件: C:/Users/A/Desktop/liao/数据列表 - 2025-09-09T192958.647.xlsx
2025-09-21 11:24:19,420 - INFO - 文件包含的sheet: ['数据清单']
2025-09-21 11:24:19,420 - INFO - 使用索引 0 访问sheet: '数据清单'
2025-09-21 11:24:19,429 - INFO - sheet '数据清单' 数据读取成功:
2025-09-21 11:24:19,429 - INFO -   - 原始大小: 6行 x 36列
2025-09-21 11:24:19,429 - INFO -   - 清理后大小: 6行 x 33列
2025-09-21 11:24:19,429 - INFO -   - 列名: ['偏远', '客服扣货', '财务扣货', '报关方式', '操作状态', '收货站点', '收货时间', '收货渠道', '发货渠道', '柜号', '订仓号', '港前客服', '销售员', '客户单号', '转单号', '申报中文品名', '件数', '国家二字码', '收货实重', '收货材积重', '方数', '收货计费重', '收货备注', '发货备注', '客户名称', '收件人邮编', '收件人公司', '收件人姓名', '收件人地址1', '收件人电话', '城市', '申报价值', '申报币种']
2025-09-21 11:24:19,430 - INFO - 开始处理UPS数据
2025-09-21 11:24:19,430 - INFO - 开始获取模板总结单工作表: C:/Users/A/Desktop/liao/UPS总结单-.xlsx
2025-09-21 11:24:19,555 - INFO - 模板包含的工作表: ['总结单', '运单信息', '统计', '德国邮编', '子单号']
2025-09-21 11:24:19,556 - INFO - 找到总结单工作表: '总结单'
2025-09-21 11:24:19,556 - INFO - 工作表范围: 63行 x 14列
2025-09-21 11:24:19,556 - INFO - 总结单工作表分析完成:
2025-09-21 11:24:19,556 - INFO -   - 工作表名称: '总结单'
2025-09-21 11:24:19,556 - INFO -   - 第一个空行: 第7行
2025-09-21 11:24:19,556 - INFO -   - Collection Total行: 第54行
2025-09-21 11:24:19,556 - INFO - 原始数据可用列: ['偏远', '客服扣货', '财务扣货', '报关方式', '操作状态', '收货站点', '收货时间', '收货渠道', '发货渠道', '柜号', '订仓号', '港前客服', '销售员', '客户单号', '转单号', '申报中文品名', '件数', '国家二字码', '收货实重', '收货材积重', '方数', '收货计费重', '收货备注', '发货备注', '客户名称', '收件人邮编', '收件人公司', '收件人姓名', '收件人地址1', '收件人电话', '城市', '申报价值', '申报币种']
2025-09-21 11:24:19,556 - INFO - 原始数据可用行: [0, 1, 2, 3, 4, 5]
2025-09-21 11:24:19,557 - INFO - 开始填充第 0 行数据: {'偏远': 'N', '客服扣货': 'N', '财务扣货': 'N', '报关方式': '不报关', '操作状态': '待上网', '收货站点': '广州仓', '收货时间': '2025/08/07 17:23:03', '收货渠道': '欧洲海派', '发货渠道': '德国UPS', '柜号': 'EMCU9905569', '订仓号': 10500791994, '港前客服': '张未', '销售员': '周海鹏', '客户单号': 'HTD10003120', '转单号': '1ZC51W066847028674', '申报中文品名': '刹车卡钳套件', '件数': 3, '国家二字码': 'GR', '收货实重': 41.15, '收货材积重': 23.963, '方数': 0.14378, '收货计费重': 42, '收货备注': nan, '发货备注': nan, '客户名称': '和通达（广州）国际供应链有限公司', '收件人邮编': '56430', '收件人公司': 'ANDREA KOCLI', '收件人姓名': 'Andrea Kocli', '收件人地址1': 'Country : Greece City : Thessaloniki, Stavroupoli Street address: Lagkada 335 Post code : 56430', '收件人电话': 30697334063, '城市': 'Thessaloniki, Stavroupoli', '申报价值': 150.0, '申报币种': 'USD'}
2025-09-21 11:24:19,557 - WARNING - 字段 '转单号' 在原始数据中不存在，跳过
2025-09-21 11:24:19,557 - WARNING - 字段 '件数' 在原始数据中不存在，跳过
2025-09-21 11:24:19,557 - WARNING - 字段 '收货实重' 在原始数据中不存在，跳过
2025-09-21 11:24:19,557 - WARNING - 字段 '收货材积重' 在原始数据中不存在，跳过
2025-09-21 11:24:19,557 - WARNING - 字段 '收件人邮编' 在原始数据中不存在，跳过
2025-09-21 11:24:19,557 - WARNING - 字段 '国家二字码' 在原始数据中不存在，跳过
2025-09-21 11:24:19,557 - INFO - 开始填充第 1 行数据: {'偏远': 'N', '客服扣货': 'N', '财务扣货': 'N', '报关方式': '不报关', '操作状态': '待上网', '收货站点': '广州仓', '收货时间': '2025/08/09 17:28:37', '收货渠道': '欧洲海派', '发货渠道': '德国UPS', '柜号': 'EMCU9905569', '订仓号': 10500791994, '港前客服': '张未', '销售员': '周海鹏', '客户单号': 'HTD10003163', '转单号': '1ZC51W066844395470', '申报中文品名': '刹车卡钳套装', '件数': 2, '国家二字码': 'FR', '收货实重': 25.35, '收货材积重': 16.876, '方数': 0.10126, '收货计费重': 28, '收货备注': nan, '发货备注': nan, '客户名称': '和通达（广州）国际供应链有限公司', '收件人邮编': '90500', '收件人公司': 'CASARTELLI BRUNO', '收件人姓名': 'CASARTELLI BRUNO', '收件人地址1': '5 IMPASSE DES CORBAS', '收件人电话': 662518354, '城市': 'Montbouton', '申报价值': 100.0, '申报币种': 'USD'}
2025-09-21 11:24:19,558 - WARNING - 字段 '转单号' 在原始数据中不存在，跳过
2025-09-21 11:24:19,558 - WARNING - 字段 '件数' 在原始数据中不存在，跳过
2025-09-21 11:24:19,558 - WARNING - 字段 '收货实重' 在原始数据中不存在，跳过
2025-09-21 11:24:19,558 - WARNING - 字段 '收货材积重' 在原始数据中不存在，跳过
2025-09-21 11:24:19,558 - WARNING - 字段 '收件人邮编' 在原始数据中不存在，跳过
2025-09-21 11:24:19,558 - WARNING - 字段 '国家二字码' 在原始数据中不存在，跳过
2025-09-21 11:24:19,558 - INFO - 开始填充第 2 行数据: {'偏远': 'N', '客服扣货': 'N', '财务扣货': 'N', '报关方式': '不报关', '操作状态': '待上网', '收货站点': '深圳总仓石岩仓', '收货时间': '2025/08/06 12:01:30', '收货渠道': '欧洲海派', '发货渠道': '德国UPS', '柜号': 'EMCU9905569', '订仓号': 10500791994, '港前客服': '冯嘉豪', '销售员': '邹亮', '客户单号': 'JF20250806', '转单号': '1ZC51W066897081423', '申报中文品名': '益智玩具', '件数': 3, '国家二字码': 'BG', '收货实重': 43.65, '收货材积重': 56.66, '方数': 0.33996, '收货计费重': 57, '收货备注': '非亚马逊地址 2件改3件费用50RMB', '发货备注': '非亚马逊地址 2件改3件费用50RMB', '客户名称': '汕头市嘉帆国际货运代理有限公司', '收件人邮编': '6006', '收件人公司': '"DIDASKO" EOOD', '收件人姓名': 'Vasil Paunov', '收件人地址1': '2D "Lilia" str.', '收件人电话': 35942605112, '城市': 'Stara Zagora', '申报价值': 108.92, '申报币种': 'USD'}
2025-09-21 11:24:19,558 - WARNING - 字段 '转单号' 在原始数据中不存在，跳过
2025-09-21 11:24:19,558 - WARNING - 字段 '件数' 在原始数据中不存在，跳过
2025-09-21 11:24:19,558 - WARNING - 字段 '收货实重' 在原始数据中不存在，跳过
2025-09-21 11:24:19,558 - WARNING - 字段 '收货材积重' 在原始数据中不存在，跳过
2025-09-21 11:24:19,558 - WARNING - 字段 '收件人邮编' 在原始数据中不存在，跳过
2025-09-21 11:24:19,558 - WARNING - 字段 '国家二字码' 在原始数据中不存在，跳过
2025-09-21 11:24:19,559 - INFO - 开始填充第 3 行数据: {'偏远': 'N', '客服扣货': 'N', '财务扣货': 'N', '报关方式': '不报关', '操作状态': '待上网', '收货站点': '深圳总仓石岩仓', '收货时间': '2025/08/11 19:48:11', '收货渠道': '欧洲海派', '发货渠道': '德国UPS', '柜号': 'EMCU9905569', '订仓号': 10500791994, '港前客服': '黄栋珍', '销售员': '石磊', '客户单号': 'XC86136278457LA', '转单号': '1ZC51W066878834593', '申报中文品名': 'PET瓶', '件数': 30, '国家二字码': 'SI', '收货实重': 165.85, '收货材积重': 546.277, '方数': 3.27767, '收货计费重': 547, '收货备注': '非亚马逊地址', '发货备注': '非亚马逊地址', '客户名称': '深圳市翼能国际物流有限公司', '收件人邮编': '4220', '收件人公司': 'KAOS OKUSOV', '收件人姓名': 'ROZLE ZAN BRELIH', '收件人地址1': 'STARA LOKA 17', '收件人电话': 38630340873, '城市': 'SKOFJA LOKA', '申报价值': 168.0, '申报币种': 'USD'}
2025-09-21 11:24:19,559 - WARNING - 字段 '转单号' 在原始数据中不存在，跳过
2025-09-21 11:24:19,559 - WARNING - 字段 '件数' 在原始数据中不存在，跳过
2025-09-21 11:24:19,559 - WARNING - 字段 '收货实重' 在原始数据中不存在，跳过
2025-09-21 11:24:19,559 - WARNING - 字段 '收货材积重' 在原始数据中不存在，跳过
2025-09-21 11:24:19,559 - WARNING - 字段 '收件人邮编' 在原始数据中不存在，跳过
2025-09-21 11:24:19,559 - WARNING - 字段 '国家二字码' 在原始数据中不存在，跳过
2025-09-21 11:24:19,559 - INFO - 开始填充第 4 行数据: {'偏远': 'N', '客服扣货': 'N', '财务扣货': 'N', '报关方式': '不报关', '操作状态': '待上网', '收货站点': '深圳总仓石岩仓', '收货时间': '2025/08/11 15:28:40', '收货渠道': '欧洲海派', '发货渠道': '德国UPS', '柜号': 'EMCU9905569', '订仓号': 10500791994, '港前客服': '黄栋珍', '销售员': '余力', '客户单号': '4402035613', '转单号': '1ZC51W066871115999', '申报中文品名': '餐具套装', '件数': 9, '国家二字码': 'RO', '收货实重': 125.2, '收货材积重': 130.08, '方数': 0.78048, '收货计费重': 137, '收货备注': '非亚马逊地址', '发货备注': '非亚马逊地址', '客户名称': '深圳市联航达国际货运代理有限公司', '收件人邮编': '500397', '收件人公司': 'DANIELA DRAGHICI', '收件人姓名': 'DANIELA DRAGHICI', '收件人地址1': 'BRANDUSELOR STREET NO 84', '收件人电话': 40756082898, '城市': 'Brasov', '申报价值': 500.0, '申报币种': 'USD'}
2025-09-21 11:24:19,559 - WARNING - 字段 '转单号' 在原始数据中不存在，跳过
2025-09-21 11:24:19,559 - WARNING - 字段 '件数' 在原始数据中不存在，跳过
2025-09-21 11:24:19,559 - WARNING - 字段 '收货实重' 在原始数据中不存在，跳过
2025-09-21 11:24:19,559 - WARNING - 字段 '收货材积重' 在原始数据中不存在，跳过
2025-09-21 11:24:19,559 - WARNING - 字段 '收件人邮编' 在原始数据中不存在，跳过
2025-09-21 11:24:19,559 - WARNING - 字段 '国家二字码' 在原始数据中不存在，跳过
2025-09-21 11:24:19,559 - INFO - 开始填充第 5 行数据: {'偏远': 'N', '客服扣货': 'N', '财务扣货': 'N', '报关方式': '不报关', '操作状态': '待上网', '收货站点': '深圳总仓（石岩仓）', '收货时间': '2025/08/08 20:37:13', '收货渠道': '欧洲海派', '发货渠道': '德国UPS', '柜号': 'EMCU9905569', '订仓号': 10500791994, '港前客服': '冯嘉豪', '销售员': '湛麒', '客户单号': 'AFSZ8087706', '转单号': '1ZC51W066861545267', '申报中文品名': '街机支架,街机操纵杆', '件数': 2, '国家二字码': 'NL', '收货实重': 42.0, '收货材积重': 39.65, '方数': 0.2379, '收货计费重': 42, '收货备注': nan, '发货备注': nan, '客户名称': '深圳市易禾供应链有限公司', '收件人邮编': '2761TM', '收件人公司': 'BART BRINKHUIS', '收件人姓名': 'BART BRINKHUIS', '收件人地址1': 'WILGENLAAN 16 ZUID-HOLLAND', '收件人电话': 31648427307, '城市': 'Zevenhuizen', '申报价值': 418.0, '申报币种': 'EUR'}
2025-09-21 11:24:19,560 - WARNING - 字段 '转单号' 在原始数据中不存在，跳过
2025-09-21 11:24:19,560 - WARNING - 字段 '件数' 在原始数据中不存在，跳过
2025-09-21 11:24:19,560 - WARNING - 字段 '收货实重' 在原始数据中不存在，跳过
2025-09-21 11:24:19,560 - WARNING - 字段 '收货材积重' 在原始数据中不存在，跳过
2025-09-21 11:24:19,560 - WARNING - 字段 '收件人邮编' 在原始数据中不存在，跳过
2025-09-21 11:24:19,560 - WARNING - 字段 '国家二字码' 在原始数据中不存在，跳过
2025-09-21 11:24:19,560 - INFO - 已填充 6 行数据到总结单工作表
2025-09-21 11:24:19,560 - ERROR - 处理UPS数据时出错: 'Worksheet' object has no attribute 'save'
2025-09-21 11:27:43,071 - INFO - 启动 Excel数据处理工具 v1.0.0
2025-09-21 11:27:53,695 - INFO - 开始读取Excel文件: C:/Users/A/Desktop/liao/数据列表 - 2025-09-09T192958.647.xlsx
2025-09-21 11:27:53,701 - INFO - 文件包含的sheet: ['数据清单']
2025-09-21 11:27:53,702 - INFO - 使用索引 0 访问sheet: '数据清单'
2025-09-21 11:27:53,711 - INFO - sheet '数据清单' 数据读取成功:
2025-09-21 11:27:53,711 - INFO -   - 原始大小: 6行 x 36列
2025-09-21 11:27:53,711 - INFO -   - 清理后大小: 6行 x 33列
2025-09-21 11:27:53,711 - INFO -   - 列名: ['偏远', '客服扣货', '财务扣货', '报关方式', '操作状态', '收货站点', '收货时间', '收货渠道', '发货渠道', '柜号', '订仓号', '港前客服', '销售员', '客户单号', '转单号', '申报中文品名', '件数', '国家二字码', '收货实重', '收货材积重', '方数', '收货计费重', '收货备注', '发货备注', '客户名称', '收件人邮编', '收件人公司', '收件人姓名', '收件人地址1', '收件人电话', '城市', '申报价值', '申报币种']
2025-09-21 11:27:53,712 - INFO - 开始处理UPS数据
2025-09-21 11:27:53,712 - INFO - 开始获取模板总结单工作表: C:/Users/A/Desktop/liao/UPS总结单-.xlsx
2025-09-21 11:27:53,840 - INFO - 模板包含的工作表: ['总结单', '运单信息', '统计', '德国邮编', '子单号']
2025-09-21 11:27:53,840 - INFO - 找到总结单工作表: '总结单'
2025-09-21 11:27:53,840 - INFO - 工作表范围: 63行 x 14列
2025-09-21 11:27:53,840 - INFO - 总结单工作表分析完成:
2025-09-21 11:27:53,840 - INFO -   - 工作表名称: '总结单'
2025-09-21 11:27:53,840 - INFO -   - 第一个空行: 第7行
2025-09-21 11:27:53,840 - INFO -   - Collection Total行: 第54行
2025-09-21 11:27:53,841 - INFO - 原始数据可用列: ['偏远', '客服扣货', '财务扣货', '报关方式', '操作状态', '收货站点', '收货时间', '收货渠道', '发货渠道', '柜号', '订仓号', '港前客服', '销售员', '客户单号', '转单号', '申报中文品名', '件数', '国家二字码', '收货实重', '收货材积重', '方数', '收货计费重', '收货备注', '发货备注', '客户名称', '收件人邮编', '收件人公司', '收件人姓名', '收件人地址1', '收件人电话', '城市', '申报价值', '申报币种']
2025-09-21 11:27:53,841 - INFO - 原始数据可用行: [0, 1, 2, 3, 4, 5]
2025-09-21 11:27:53,841 - INFO - 开始填充第 0 行数据: {'偏远': 'N', '客服扣货': 'N', '财务扣货': 'N', '报关方式': '不报关', '操作状态': '待上网', '收货站点': '广州仓', '收货时间': '2025/08/07 17:23:03', '收货渠道': '欧洲海派', '发货渠道': '德国UPS', '柜号': 'EMCU9905569', '订仓号': 10500791994, '港前客服': '张未', '销售员': '周海鹏', '客户单号': 'HTD10003120', '转单号': '1ZC51W066847028674', '申报中文品名': '刹车卡钳套件', '件数': 3, '国家二字码': 'GR', '收货实重': 41.15, '收货材积重': 23.963, '方数': 0.14378, '收货计费重': 42, '收货备注': nan, '发货备注': nan, '客户名称': '和通达（广州）国际供应链有限公司', '收件人邮编': '56430', '收件人公司': 'ANDREA KOCLI', '收件人姓名': 'Andrea Kocli', '收件人地址1': 'Country : Greece City : Thessaloniki, Stavroupoli Street address: Lagkada 335 Post code : 56430', '收件人电话': 30697334063, '城市': 'Thessaloniki, Stavroupoli', '申报价值': 150.0, '申报币种': 'USD'}
2025-09-21 11:27:53,841 - ERROR - 处理UPS数据时出错: '<' not supported between instances of 'str' and 'int'
2025-09-21 11:38:39,600 - INFO - 启动 Excel数据处理工具 v1.0.0
2025-09-21 11:38:50,657 - INFO - 开始读取Excel文件: C:/Users/A/Desktop/liao/数据列表 - 2025-09-09T192958.647.xlsx
2025-09-21 11:38:50,663 - INFO - 文件包含的sheet: ['数据清单']
2025-09-21 11:38:50,663 - INFO - 使用索引 0 访问sheet: '数据清单'
2025-09-21 11:38:50,672 - INFO - sheet '数据清单' 数据读取成功:
2025-09-21 11:38:50,672 - INFO -   - 原始大小: 6行 x 36列
2025-09-21 11:38:50,673 - INFO -   - 清理后大小: 6行 x 33列
2025-09-21 11:38:50,673 - INFO -   - 列名: ['偏远', '客服扣货', '财务扣货', '报关方式', '操作状态', '收货站点', '收货时间', '收货渠道', '发货渠道', '柜号', '订仓号', '港前客服', '销售员', '客户单号', '转单号', '申报中文品名', '件数', '国家二字码', '收货实重', '收货材积重', '方数', '收货计费重', '收货备注', '发货备注', '客户名称', '收件人邮编', '收件人公司', '收件人姓名', '收件人地址1', '收件人电话', '城市', '申报价值', '申报币种']
2025-09-21 11:38:50,673 - INFO - 开始处理UPS数据
2025-09-21 11:38:50,673 - INFO - 开始获取模板总结单工作表: C:/Users/A/Desktop/liao/UPS总结单-.xlsx
2025-09-21 11:38:50,819 - INFO - 模板包含的工作表: ['总结单', '运单信息', '统计', '德国邮编', '子单号']
2025-09-21 11:38:50,819 - INFO - 找到总结单工作表: '总结单'
2025-09-21 11:38:50,820 - INFO - 工作表范围: 63行 x 14列
2025-09-21 11:38:50,820 - INFO - 总结单工作表分析完成:
2025-09-21 11:38:50,820 - INFO -   - 工作表名称: '总结单'
2025-09-21 11:38:50,820 - INFO -   - 第一个空行: 第7行
2025-09-21 11:38:50,820 - INFO -   - Collection Total行: 第54行
2025-09-21 11:38:50,820 - INFO - 开始分析表头，共14列
2025-09-21 11:38:50,820 - INFO - 表头映射完成，共找到1个有效表头
2025-09-21 11:38:50,820 - INFO - 原始数据可用列: ['偏远', '客服扣货', '财务扣货', '报关方式', '操作状态', '收货站点', '收货时间', '收货渠道', '发货渠道', '柜号', '订仓号', '港前客服', '销售员', '客户单号', '转单号', '申报中文品名', '件数', '国家二字码', '收货实重', '收货材积重', '方数', '收货计费重', '收货备注', '发货备注', '客户名称', '收件人邮编', '收件人公司', '收件人姓名', '收件人地址1', '收件人电话', '城市', '申报价值', '申报币种']
2025-09-21 11:38:50,820 - INFO - 模板表头到列号映射: {'UPS Manifest - Summary Section': 1}
2025-09-21 11:38:50,820 - INFO - 需要填充 6 行数据
2025-09-21 11:38:50,821 - WARNING -   模板中未找到表头 'Tracking Number'，跳过字段 '转单号'
2025-09-21 11:38:50,821 - WARNING -   模板中未找到表头 'Packages'，跳过字段 '件数'
2025-09-21 11:38:50,821 - WARNING -   模板中未找到表头 'G.W'，跳过字段 '收货实重'
2025-09-21 11:38:50,821 - WARNING -   模板中未找到表头 'V.G'，跳过字段 '收货材积重'
2025-09-21 11:38:50,821 - WARNING -   模板中未找到表头 'ZIP code'，跳过字段 '收件人邮编'
2025-09-21 11:38:50,821 - WARNING -   模板中未找到表头 'country'，跳过字段 '国家二字码'
2025-09-21 11:38:50,821 - WARNING -   模板中未找到表头 'Tracking Number'，跳过字段 '转单号'
2025-09-21 11:38:50,821 - WARNING -   模板中未找到表头 'Packages'，跳过字段 '件数'
2025-09-21 11:38:50,821 - WARNING -   模板中未找到表头 'G.W'，跳过字段 '收货实重'
2025-09-21 11:38:50,821 - WARNING -   模板中未找到表头 'V.G'，跳过字段 '收货材积重'
2025-09-21 11:38:50,822 - WARNING -   模板中未找到表头 'ZIP code'，跳过字段 '收件人邮编'
2025-09-21 11:38:50,822 - WARNING -   模板中未找到表头 'country'，跳过字段 '国家二字码'
2025-09-21 11:38:50,822 - WARNING -   模板中未找到表头 'Tracking Number'，跳过字段 '转单号'
2025-09-21 11:38:50,822 - WARNING -   模板中未找到表头 'Packages'，跳过字段 '件数'
2025-09-21 11:38:50,822 - WARNING -   模板中未找到表头 'G.W'，跳过字段 '收货实重'
2025-09-21 11:38:50,822 - WARNING -   模板中未找到表头 'V.G'，跳过字段 '收货材积重'
2025-09-21 11:38:50,822 - WARNING -   模板中未找到表头 'ZIP code'，跳过字段 '收件人邮编'
2025-09-21 11:38:50,822 - WARNING -   模板中未找到表头 'country'，跳过字段 '国家二字码'
2025-09-21 11:38:50,822 - WARNING -   模板中未找到表头 'Tracking Number'，跳过字段 '转单号'
2025-09-21 11:38:50,822 - WARNING -   模板中未找到表头 'Packages'，跳过字段 '件数'
2025-09-21 11:38:50,822 - WARNING -   模板中未找到表头 'G.W'，跳过字段 '收货实重'
2025-09-21 11:38:50,822 - WARNING -   模板中未找到表头 'V.G'，跳过字段 '收货材积重'
2025-09-21 11:38:50,822 - WARNING -   模板中未找到表头 'ZIP code'，跳过字段 '收件人邮编'
2025-09-21 11:38:50,822 - WARNING -   模板中未找到表头 'country'，跳过字段 '国家二字码'
2025-09-21 11:38:50,823 - WARNING -   模板中未找到表头 'Tracking Number'，跳过字段 '转单号'
2025-09-21 11:38:50,823 - WARNING -   模板中未找到表头 'Packages'，跳过字段 '件数'
2025-09-21 11:38:50,823 - WARNING -   模板中未找到表头 'G.W'，跳过字段 '收货实重'
2025-09-21 11:38:50,823 - WARNING -   模板中未找到表头 'V.G'，跳过字段 '收货材积重'
2025-09-21 11:38:50,823 - WARNING -   模板中未找到表头 'ZIP code'，跳过字段 '收件人邮编'
2025-09-21 11:38:50,823 - WARNING -   模板中未找到表头 'country'，跳过字段 '国家二字码'
2025-09-21 11:38:50,823 - WARNING -   模板中未找到表头 'Tracking Number'，跳过字段 '转单号'
2025-09-21 11:38:50,823 - WARNING -   模板中未找到表头 'Packages'，跳过字段 '件数'
2025-09-21 11:38:50,823 - WARNING -   模板中未找到表头 'G.W'，跳过字段 '收货实重'
2025-09-21 11:38:50,823 - WARNING -   模板中未找到表头 'V.G'，跳过字段 '收货材积重'
2025-09-21 11:38:50,823 - WARNING -   模板中未找到表头 'ZIP code'，跳过字段 '收件人邮编'
2025-09-21 11:38:50,823 - WARNING -   模板中未找到表头 'country'，跳过字段 '国家二字码'
2025-09-21 11:38:50,823 - INFO - 总结单数据填充完成，共填充 6 行
2025-09-21 11:38:50,823 - ERROR - 处理UPS数据时出错: 'Worksheet' object has no attribute 'save'
2025-09-21 11:40:25,411 - INFO - 启动 Excel数据处理工具 v1.0.0
2025-09-21 11:40:35,850 - INFO - 开始读取Excel文件: C:/Users/A/Desktop/liao/数据列表 - 2025-09-09T192958.647.xlsx
2025-09-21 11:40:35,856 - INFO - 文件包含的sheet: ['数据清单']
2025-09-21 11:40:35,857 - INFO - 使用索引 0 访问sheet: '数据清单'
2025-09-21 11:40:35,867 - INFO - sheet '数据清单' 数据读取成功:
2025-09-21 11:40:35,867 - INFO -   - 原始大小: 6行 x 36列
2025-09-21 11:40:35,867 - INFO -   - 清理后大小: 6行 x 33列
2025-09-21 11:40:35,867 - INFO -   - 列名: ['偏远', '客服扣货', '财务扣货', '报关方式', '操作状态', '收货站点', '收货时间', '收货渠道', '发货渠道', '柜号', '订仓号', '港前客服', '销售员', '客户单号', '转单号', '申报中文品名', '件数', '国家二字码', '收货实重', '收货材积重', '方数', '收货计费重', '收货备注', '发货备注', '客户名称', '收件人邮编', '收件人公司', '收件人姓名', '收件人地址1', '收件人电话', '城市', '申报价值', '申报币种']
2025-09-21 11:40:35,867 - INFO - 开始处理UPS数据
2025-09-21 11:40:35,868 - INFO - 开始获取模板总结单工作表: C:/Users/A/Desktop/liao/UPS总结单-.xlsx
2025-09-21 11:40:36,004 - INFO - 模板包含的工作表: ['总结单', '运单信息', '统计', '德国邮编', '子单号']
2025-09-21 11:40:36,004 - INFO - 找到总结单工作表: '总结单'
2025-09-21 11:40:36,004 - INFO - 工作表范围: 63行 x 14列
2025-09-21 11:40:36,005 - INFO - 总结单工作表分析完成:
2025-09-21 11:40:36,005 - INFO -   - 工作表名称: '总结单'
2025-09-21 11:40:36,005 - INFO -   - 第一个空行: 第7行
2025-09-21 11:40:36,005 - INFO -   - Collection Total行: 第54行
2025-09-21 11:40:36,005 - INFO - 开始分析表头，共14列
2025-09-21 11:40:36,005 - INFO - 表头映射完成，共找到6个有效表头
2025-09-21 11:40:36,005 - INFO - 模板表头到列号映射: {'转单号': 1, '件数': 2, '收货实重': 3, '收货材积重': 4, '收件人邮编': 5, '国家二字码': 6}
2025-09-21 11:40:36,005 - INFO - 原始数据可用列: ['偏远', '客服扣货', '财务扣货', '报关方式', '操作状态', '收货站点', '收货时间', '收货渠道', '发货渠道', '柜号', '订仓号', '港前客服', '销售员', '客户单号', '转单号', '申报中文品名', '件数', '国家二字码', '收货实重', '收货材积重', '方数', '收货计费重', '收货备注', '发货备注', '客户名称', '收件人邮编', '收件人公司', '收件人姓名', '收件人地址1', '收件人电话', '城市', '申报价值', '申报币种']
2025-09-21 11:40:36,005 - INFO - 模板表头到列号映射: {'转单号': 1, '件数': 2, '收货实重': 3, '收货材积重': 4, '收件人邮编': 5, '国家二字码': 6}
2025-09-21 11:40:36,005 - INFO - 需要填充 6 行数据
2025-09-21 11:40:36,006 - WARNING -   模板中未找到表头 'Tracking Number'，跳过字段 '转单号'
2025-09-21 11:40:36,006 - WARNING -   模板中未找到表头 'Packages'，跳过字段 '件数'
2025-09-21 11:40:36,006 - WARNING -   模板中未找到表头 'G.W'，跳过字段 '收货实重'
2025-09-21 11:40:36,006 - WARNING -   模板中未找到表头 'V.G'，跳过字段 '收货材积重'
2025-09-21 11:40:36,006 - WARNING -   模板中未找到表头 'ZIP code'，跳过字段 '收件人邮编'
2025-09-21 11:40:36,006 - WARNING -   模板中未找到表头 'country'，跳过字段 '国家二字码'
2025-09-21 11:40:36,006 - WARNING -   模板中未找到表头 'Tracking Number'，跳过字段 '转单号'
2025-09-21 11:40:36,006 - WARNING -   模板中未找到表头 'Packages'，跳过字段 '件数'
2025-09-21 11:40:36,006 - WARNING -   模板中未找到表头 'G.W'，跳过字段 '收货实重'
2025-09-21 11:40:36,006 - WARNING -   模板中未找到表头 'V.G'，跳过字段 '收货材积重'
2025-09-21 11:40:36,006 - WARNING -   模板中未找到表头 'ZIP code'，跳过字段 '收件人邮编'
2025-09-21 11:40:36,006 - WARNING -   模板中未找到表头 'country'，跳过字段 '国家二字码'
2025-09-21 11:40:36,006 - WARNING -   模板中未找到表头 'Tracking Number'，跳过字段 '转单号'
2025-09-21 11:40:36,007 - WARNING -   模板中未找到表头 'Packages'，跳过字段 '件数'
2025-09-21 11:40:36,007 - WARNING -   模板中未找到表头 'G.W'，跳过字段 '收货实重'
2025-09-21 11:40:36,007 - WARNING -   模板中未找到表头 'V.G'，跳过字段 '收货材积重'
2025-09-21 11:40:36,007 - WARNING -   模板中未找到表头 'ZIP code'，跳过字段 '收件人邮编'
2025-09-21 11:40:36,007 - WARNING -   模板中未找到表头 'country'，跳过字段 '国家二字码'
2025-09-21 11:40:36,007 - WARNING -   模板中未找到表头 'Tracking Number'，跳过字段 '转单号'
2025-09-21 11:40:36,007 - WARNING -   模板中未找到表头 'Packages'，跳过字段 '件数'
2025-09-21 11:40:36,007 - WARNING -   模板中未找到表头 'G.W'，跳过字段 '收货实重'
2025-09-21 11:40:36,007 - WARNING -   模板中未找到表头 'V.G'，跳过字段 '收货材积重'
2025-09-21 11:40:36,007 - WARNING -   模板中未找到表头 'ZIP code'，跳过字段 '收件人邮编'
2025-09-21 11:40:36,007 - WARNING -   模板中未找到表头 'country'，跳过字段 '国家二字码'
2025-09-21 11:40:36,007 - WARNING -   模板中未找到表头 'Tracking Number'，跳过字段 '转单号'
2025-09-21 11:40:36,008 - WARNING -   模板中未找到表头 'Packages'，跳过字段 '件数'
2025-09-21 11:40:36,008 - WARNING -   模板中未找到表头 'G.W'，跳过字段 '收货实重'
2025-09-21 11:40:36,008 - WARNING -   模板中未找到表头 'V.G'，跳过字段 '收货材积重'
2025-09-21 11:40:36,008 - WARNING -   模板中未找到表头 'ZIP code'，跳过字段 '收件人邮编'
2025-09-21 11:40:36,008 - WARNING -   模板中未找到表头 'country'，跳过字段 '国家二字码'
2025-09-21 11:40:36,008 - WARNING -   模板中未找到表头 'Tracking Number'，跳过字段 '转单号'
2025-09-21 11:40:36,008 - WARNING -   模板中未找到表头 'Packages'，跳过字段 '件数'
2025-09-21 11:40:36,008 - WARNING -   模板中未找到表头 'G.W'，跳过字段 '收货实重'
2025-09-21 11:40:36,008 - WARNING -   模板中未找到表头 'V.G'，跳过字段 '收货材积重'
2025-09-21 11:40:36,008 - WARNING -   模板中未找到表头 'ZIP code'，跳过字段 '收件人邮编'
2025-09-21 11:40:36,008 - WARNING -   模板中未找到表头 'country'，跳过字段 '国家二字码'
2025-09-21 11:40:36,008 - INFO - 总结单数据填充完成，共填充 6 行
2025-09-21 11:40:36,008 - ERROR - 处理UPS数据时出错: 'Worksheet' object has no attribute 'save'
2025-09-21 11:42:44,334 - INFO - 启动 Excel数据处理工具 v1.0.0
2025-09-21 11:43:00,461 - INFO - 开始读取Excel文件: C:/Users/A/Desktop/liao/数据列表 - 2025-09-09T192958.647.xlsx
2025-09-21 11:43:00,468 - INFO - 文件包含的sheet: ['数据清单']
2025-09-21 11:43:00,468 - INFO - 使用索引 0 访问sheet: '数据清单'
2025-09-21 11:43:00,478 - INFO - sheet '数据清单' 数据读取成功:
2025-09-21 11:43:00,478 - INFO -   - 原始大小: 6行 x 36列
2025-09-21 11:43:00,479 - INFO -   - 清理后大小: 6行 x 33列
2025-09-21 11:43:00,479 - INFO -   - 列名: ['偏远', '客服扣货', '财务扣货', '报关方式', '操作状态', '收货站点', '收货时间', '收货渠道', '发货渠道', '柜号', '订仓号', '港前客服', '销售员', '客户单号', '转单号', '申报中文品名', '件数', '国家二字码', '收货实重', '收货材积重', '方数', '收货计费重', '收货备注', '发货备注', '客户名称', '收件人邮编', '收件人公司', '收件人姓名', '收件人地址1', '收件人电话', '城市', '申报价值', '申报币种']
2025-09-21 11:43:00,479 - INFO - 开始处理UPS数据
2025-09-21 11:43:00,479 - INFO - 开始获取模板总结单工作表: C:/Users/A/Desktop/liao/UPS总结单-.xlsx
2025-09-21 11:43:00,628 - INFO - 模板包含的工作表: ['总结单', '运单信息', '统计', '德国邮编', '子单号']
2025-09-21 11:43:00,629 - INFO - 找到总结单工作表: '总结单'
2025-09-21 11:43:00,629 - INFO - 工作表范围: 62行 x 14列
2025-09-21 11:43:00,629 - INFO - 总结单工作表分析完成:
2025-09-21 11:43:00,629 - INFO -   - 工作表名称: '总结单'
2025-09-21 11:43:00,629 - INFO -   - 第一个空行: 第6行
2025-09-21 11:43:00,629 - INFO -   - Collection Total行: 第53行
2025-09-21 11:43:00,629 - INFO - 开始分析表头，共14列
2025-09-21 11:43:00,629 - INFO - 表头映射完成，共找到6个有效表头
2025-09-21 11:43:00,629 - INFO - 模板表头到列号映射: {'Tracking Number': 1, 'Packages': 2, 'G.W': 3, 'V.G': 4, 'ZIP code': 5, 'country': 6}
2025-09-21 11:43:00,630 - INFO - 原始数据可用列: ['偏远', '客服扣货', '财务扣货', '报关方式', '操作状态', '收货站点', '收货时间', '收货渠道', '发货渠道', '柜号', '订仓号', '港前客服', '销售员', '客户单号', '转单号', '申报中文品名', '件数', '国家二字码', '收货实重', '收货材积重', '方数', '收货计费重', '收货备注', '发货备注', '客户名称', '收件人邮编', '收件人公司', '收件人姓名', '收件人地址1', '收件人电话', '城市', '申报价值', '申报币种']
2025-09-21 11:43:00,630 - INFO - 模板表头到列号映射: {'Tracking Number': 1, 'Packages': 2, 'G.W': 3, 'V.G': 4, 'ZIP code': 5, 'country': 6}
2025-09-21 11:43:00,630 - INFO - 需要填充 6 行数据
2025-09-21 11:43:00,634 - INFO - 总结单数据填充完成，共填充 6 行
2025-09-21 11:43:00,634 - ERROR - 处理UPS数据时出错: 'Worksheet' object has no attribute 'save'
2025-09-21 12:03:41,242 - INFO - 启动 Excel数据处理工具 v1.0.0
2025-09-21 12:03:54,789 - INFO - 开始读取Excel文件: C:/Users/A/Desktop/liao/数据列表 - 2025-09-09T192958.647.xlsx
2025-09-21 12:03:54,797 - INFO - 文件包含的sheet: ['数据清单']
2025-09-21 12:03:54,798 - INFO - 使用索引 0 访问sheet: '数据清单'
2025-09-21 12:03:54,806 - INFO - sheet '数据清单' 数据读取成功:
2025-09-21 12:03:54,806 - INFO -   - 原始大小: 6行 x 36列
2025-09-21 12:03:54,807 - INFO -   - 清理后大小: 6行 x 33列
2025-09-21 12:03:54,807 - INFO -   - 列名: ['偏远', '客服扣货', '财务扣货', '报关方式', '操作状态', '收货站点', '收货时间', '收货渠道', '发货渠道', '柜号', '订仓号', '港前客服', '销售员', '客户单号', '转单号', '申报中文品名', '件数', '国家二字码', '收货实重', '收货材积重', '方数', '收货计费重', '收货备注', '发货备注', '客户名称', '收件人邮编', '收件人公司', '收件人姓名', '收件人地址1', '收件人电话', '城市', '申报价值', '申报币种']
2025-09-21 12:03:54,807 - INFO - 开始处理UPS数据
2025-09-21 12:03:54,807 - INFO - 开始获取模板总结单工作表: C:/Users/A/Desktop/liao/UPS总结单-.xlsx
2025-09-21 12:03:54,952 - INFO - 模板包含的工作表: ['总结单', '运单信息', '统计', '德国邮编', '子单号']
2025-09-21 12:03:54,952 - INFO - 找到总结单工作表: '总结单'
2025-09-21 12:03:54,953 - INFO - 工作表范围: 62行 x 14列
2025-09-21 12:03:54,953 - INFO - 总结单工作表分析完成:
2025-09-21 12:03:54,953 - INFO -   - 工作表名称: '总结单'
2025-09-21 12:03:54,953 - INFO -   - 第一个空行: 第6行
2025-09-21 12:03:54,953 - INFO -   - Collection Total行: 第53行
2025-09-21 12:03:54,953 - INFO - 开始分析表头，共14列
2025-09-21 12:03:54,953 - INFO - 表头映射完成，共找到6个有效表头
2025-09-21 12:03:54,953 - INFO - 模板表头到列号映射: {'Tracking Number': 1, 'Packages': 2, 'G.W': 3, 'V.G': 4, 'ZIP code': 5, 'country': 6}
2025-09-21 12:03:54,953 - INFO - 原始数据可用列: ['偏远', '客服扣货', '财务扣货', '报关方式', '操作状态', '收货站点', '收货时间', '收货渠道', '发货渠道', '柜号', '订仓号', '港前客服', '销售员', '客户单号', '转单号', '申报中文品名', '件数', '国家二字码', '收货实重', '收货材积重', '方数', '收货计费重', '收货备注', '发货备注', '客户名称', '收件人邮编', '收件人公司', '收件人姓名', '收件人地址1', '收件人电话', '城市', '申报价值', '申报币种']
2025-09-21 12:03:54,953 - INFO - 模板表头到列号映射: {'Tracking Number': 1, 'Packages': 2, 'G.W': 3, 'V.G': 4, 'ZIP code': 5, 'country': 6}
2025-09-21 12:03:54,953 - INFO - 需要填充 6 行数据
2025-09-21 12:03:54,954 - INFO - 总结单数据填充完成，共填充 6 行
2025-09-21 12:03:55,057 - INFO - UPS数据处理完成，输出文件: C:\Users\A\Desktop\UPS.xlsx
2025-09-21 12:04:00,532 - INFO - 开始读取Excel文件: C:/Users/A/Desktop/liao/数据列表 - 2025-09-09T192958.647.xlsx
2025-09-21 12:04:00,559 - INFO - 文件包含的sheet: ['数据清单']
2025-09-21 12:04:00,559 - INFO - 使用索引 0 访问sheet: '数据清单'
2025-09-21 12:04:00,567 - INFO - sheet '数据清单' 数据读取成功:
2025-09-21 12:04:00,568 - INFO -   - 原始大小: 6行 x 36列
2025-09-21 12:04:00,568 - INFO -   - 清理后大小: 6行 x 33列
2025-09-21 12:04:00,568 - INFO -   - 列名: ['偏远', '客服扣货', '财务扣货', '报关方式', '操作状态', '收货站点', '收货时间', '收货渠道', '发货渠道', '柜号', '订仓号', '港前客服', '销售员', '客户单号', '转单号', '申报中文品名', '件数', '国家二字码', '收货实重', '收货材积重', '方数', '收货计费重', '收货备注', '发货备注', '客户名称', '收件人邮编', '收件人公司', '收件人姓名', '收件人地址1', '收件人电话', '城市', '申报价值', '申报币种']
2025-09-21 12:04:00,568 - INFO - 开始处理UPS数据
2025-09-21 12:04:00,568 - INFO - 开始获取模板总结单工作表: C:/Users/A/Desktop/liao/UPS总结单-.xlsx
2025-09-21 12:04:00,692 - INFO - 模板包含的工作表: ['总结单', '运单信息', '统计', '德国邮编', '子单号']
2025-09-21 12:04:00,692 - INFO - 找到总结单工作表: '总结单'
2025-09-21 12:04:00,692 - INFO - 工作表范围: 62行 x 14列
2025-09-21 12:04:00,693 - INFO - 总结单工作表分析完成:
2025-09-21 12:04:00,693 - INFO -   - 工作表名称: '总结单'
2025-09-21 12:04:00,693 - INFO -   - 第一个空行: 第6行
2025-09-21 12:04:00,693 - INFO -   - Collection Total行: 第53行
2025-09-21 12:04:00,693 - INFO - 开始分析表头，共14列
2025-09-21 12:04:00,693 - INFO - 表头映射完成，共找到6个有效表头
2025-09-21 12:04:00,693 - INFO - 模板表头到列号映射: {'Tracking Number': 1, 'Packages': 2, 'G.W': 3, 'V.G': 4, 'ZIP code': 5, 'country': 6}
2025-09-21 12:04:00,693 - INFO - 原始数据可用列: ['偏远', '客服扣货', '财务扣货', '报关方式', '操作状态', '收货站点', '收货时间', '收货渠道', '发货渠道', '柜号', '订仓号', '港前客服', '销售员', '客户单号', '转单号', '申报中文品名', '件数', '国家二字码', '收货实重', '收货材积重', '方数', '收货计费重', '收货备注', '发货备注', '客户名称', '收件人邮编', '收件人公司', '收件人姓名', '收件人地址1', '收件人电话', '城市', '申报价值', '申报币种']
2025-09-21 12:04:00,693 - INFO - 模板表头到列号映射: {'Tracking Number': 1, 'Packages': 2, 'G.W': 3, 'V.G': 4, 'ZIP code': 5, 'country': 6}
2025-09-21 12:04:00,693 - INFO - 需要填充 6 行数据
2025-09-21 12:04:00,694 - INFO - 总结单数据填充完成，共填充 6 行
2025-09-21 12:04:00,782 - INFO - UPS数据处理完成，输出文件: C:\Users\A\Desktop\UPS.xlsx
2025-09-21 16:28:09,645 - INFO - 启动 Excel数据处理工具 v1.0.0
2025-09-21 16:28:24,382 - INFO - 开始读取Excel文件: C:/Users/A/Desktop/liao/数据列表 - 2025-09-09T192958.647.xlsx
2025-09-21 16:28:24,389 - INFO - 文件包含的sheet: ['数据清单']
2025-09-21 16:28:24,389 - INFO - 使用索引 0 访问sheet: '数据清单'
2025-09-21 16:28:24,398 - INFO - sheet '数据清单' 数据读取成功:
2025-09-21 16:28:24,398 - INFO -   - 原始大小: 6行 x 36列
2025-09-21 16:28:24,399 - INFO -   - 清理后大小: 6行 x 33列
2025-09-21 16:28:24,399 - INFO -   - 列名: ['偏远', '客服扣货', '财务扣货', '报关方式', '操作状态', '收货站点', '收货时间', '收货渠道', '发货渠道', '柜号', '订仓号', '港前客服', '销售员', '客户单号', '转单号', '申报中文品名', '件数', '国家二字码', '收货实重', '收货材积重', '方数', '收货计费重', '收货备注', '发货备注', '客户名称', '收件人邮编', '收件人公司', '收件人姓名', '收件人地址1', '收件人电话', '城市', '申报价值', '申报币种']
2025-09-21 16:28:24,399 - INFO - 开始处理UPS数据
2025-09-21 16:28:24,544 - INFO - 模板包含的工作表: ['总结单', '运单信息', '统计', '德国邮编', '子单号']
2025-09-21 16:28:24,544 - INFO - 找到总结单工作表: '总结单'
2025-09-21 16:28:24,544 - INFO - 工作表范围: 62行 x 14列
2025-09-21 16:28:24,544 - INFO - 总结单工作表分析完成:
2025-09-21 16:28:24,544 - INFO -   - 工作表名称: '总结单'
2025-09-21 16:28:24,544 - INFO -   - 第一个空行: 第6行
2025-09-21 16:28:24,544 - INFO -   - Collection Total行: 第53行
2025-09-21 16:28:24,545 - ERROR - 处理UPS数据时出错: UPSDataProcessor.fill_summary_sheet() takes 4 positional arguments but 5 were given
2025-09-21 16:30:02,203 - INFO - 启动 Excel数据处理工具 v1.0.0
2025-09-21 16:30:14,353 - INFO - 开始读取Excel文件: C:/Users/A/Desktop/liao/数据列表 - 2025-09-09T192958.647.xlsx
2025-09-21 16:30:14,358 - INFO - 文件包含的sheet: ['数据清单']
2025-09-21 16:30:14,358 - INFO - 使用索引 0 访问sheet: '数据清单'
2025-09-21 16:30:14,367 - INFO - sheet '数据清单' 数据读取成功:
2025-09-21 16:30:14,367 - INFO -   - 原始大小: 6行 x 36列
2025-09-21 16:30:14,367 - INFO -   - 清理后大小: 6行 x 33列
2025-09-21 16:30:14,368 - INFO -   - 列名: ['偏远', '客服扣货', '财务扣货', '报关方式', '操作状态', '收货站点', '收货时间', '收货渠道', '发货渠道', '柜号', '订仓号', '港前客服', '销售员', '客户单号', '转单号', '申报中文品名', '件数', '国家二字码', '收货实重', '收货材积重', '方数', '收货计费重', '收货备注', '发货备注', '客户名称', '收件人邮编', '收件人公司', '收件人姓名', '收件人地址1', '收件人电话', '城市', '申报价值', '申报币种']
2025-09-21 16:30:14,368 - INFO - 开始处理UPS数据
2025-09-21 16:30:14,497 - INFO - 模板包含的工作表: ['总结单', '运单信息', '统计', '德国邮编', '子单号']
2025-09-21 16:30:14,497 - INFO - 找到总结单工作表: '总结单'
2025-09-21 16:30:14,497 - INFO - 工作表范围: 62行 x 14列
2025-09-21 16:30:14,497 - INFO - 总结单工作表分析完成:
2025-09-21 16:30:14,497 - INFO -   - 工作表名称: '总结单'
2025-09-21 16:30:14,497 - INFO -   - 第一个空行: 第6行
2025-09-21 16:30:14,497 - INFO -   - Collection Total行: 第53行
2025-09-21 16:30:14,497 - INFO - 开始分析表头，共14列
2025-09-21 16:30:14,497 - INFO - 表头映射完成，共找到6个有效表头
2025-09-21 16:30:14,497 - INFO - 模板表头到列号映射: {'Tracking Number': 1, 'Packages': 2, 'G.W': 3, 'V.G': 4, 'ZIP code': 5, 'country': 6}
2025-09-21 16:30:14,497 - INFO - 原始数据可用列: ['偏远', '客服扣货', '财务扣货', '报关方式', '操作状态', '收货站点', '收货时间', '收货渠道', '发货渠道', '柜号', '订仓号', '港前客服', '销售员', '客户单号', '转单号', '申报中文品名', '件数', '国家二字码', '收货实重', '收货材积重', '方数', '收货计费重', '收货备注', '发货备注', '客户名称', '收件人邮编', '收件人公司', '收件人姓名', '收件人地址1', '收件人电话', '城市', '申报价值', '申报币种']
2025-09-21 16:30:14,497 - INFO - 模板表头到列号映射: {'Tracking Number': 1, 'Packages': 2, 'G.W': 3, 'V.G': 4, 'ZIP code': 5, 'country': 6}
2025-09-21 16:30:14,497 - INFO - 需要填充 6 行数据
2025-09-21 16:30:14,498 - INFO - 总结单数据填充完成，共填充 6 行
2025-09-21 16:30:14,498 - ERROR - 获取运单信息工作表时出错: name 'template_path' is not defined
2025-09-21 16:30:14,498 - ERROR - 获取模板工作表失败
2025-09-21 16:30:14,584 - INFO - UPS数据处理完成，输出文件: C:\Users\A\Desktop\UPS.xlsx
2025-09-21 16:30:54,006 - INFO - 启动 Excel数据处理工具 v1.0.0
2025-09-21 16:31:10,106 - INFO - 开始读取Excel文件: C:/Users/A/Desktop/liao/数据列表 - 2025-09-09T192958.647.xlsx
2025-09-21 16:31:10,111 - INFO - 文件包含的sheet: ['数据清单']
2025-09-21 16:31:10,112 - INFO - 使用索引 0 访问sheet: '数据清单'
2025-09-21 16:31:10,120 - INFO - sheet '数据清单' 数据读取成功:
2025-09-21 16:31:10,120 - INFO -   - 原始大小: 6行 x 36列
2025-09-21 16:31:10,121 - INFO -   - 清理后大小: 6行 x 33列
2025-09-21 16:31:10,121 - INFO -   - 列名: ['偏远', '客服扣货', '财务扣货', '报关方式', '操作状态', '收货站点', '收货时间', '收货渠道', '发货渠道', '柜号', '订仓号', '港前客服', '销售员', '客户单号', '转单号', '申报中文品名', '件数', '国家二字码', '收货实重', '收货材积重', '方数', '收货计费重', '收货备注', '发货备注', '客户名称', '收件人邮编', '收件人公司', '收件人姓名', '收件人地址1', '收件人电话', '城市', '申报价值', '申报币种']
2025-09-21 16:31:10,121 - INFO - 开始处理UPS数据
2025-09-21 16:31:10,252 - INFO - 模板包含的工作表: ['总结单', '运单信息', '统计', '德国邮编', '子单号']
2025-09-21 16:31:10,252 - INFO - 找到总结单工作表: '总结单'
2025-09-21 16:31:10,252 - INFO - 工作表范围: 62行 x 14列
2025-09-21 16:31:10,252 - INFO - 总结单工作表分析完成:
2025-09-21 16:31:10,252 - INFO -   - 工作表名称: '总结单'
2025-09-21 16:31:10,252 - INFO -   - 第一个空行: 第6行
2025-09-21 16:31:10,252 - INFO -   - Collection Total行: 第53行
2025-09-21 16:31:10,252 - INFO - 开始分析表头，共14列
2025-09-21 16:31:10,253 - INFO - 表头映射完成，共找到6个有效表头
2025-09-21 16:31:10,253 - INFO - 模板表头到列号映射: {'Tracking Number': 1, 'Packages': 2, 'G.W': 3, 'V.G': 4, 'ZIP code': 5, 'country': 6}
2025-09-21 16:31:10,253 - INFO - 原始数据可用列: ['偏远', '客服扣货', '财务扣货', '报关方式', '操作状态', '收货站点', '收货时间', '收货渠道', '发货渠道', '柜号', '订仓号', '港前客服', '销售员', '客户单号', '转单号', '申报中文品名', '件数', '国家二字码', '收货实重', '收货材积重', '方数', '收货计费重', '收货备注', '发货备注', '客户名称', '收件人邮编', '收件人公司', '收件人姓名', '收件人地址1', '收件人电话', '城市', '申报价值', '申报币种']
2025-09-21 16:31:10,253 - INFO - 模板表头到列号映射: {'Tracking Number': 1, 'Packages': 2, 'G.W': 3, 'V.G': 4, 'ZIP code': 5, 'country': 6}
2025-09-21 16:31:10,253 - INFO - 需要填充 6 行数据
2025-09-21 16:31:10,253 - INFO - 总结单数据填充完成，共填充 6 行
2025-09-21 16:31:10,253 - INFO - 开始获取模板运单信息工作表
2025-09-21 16:31:10,253 - INFO - 模板包含的工作表: ['总结单', '运单信息', '统计', '德国邮编', '子单号']
2025-09-21 16:31:10,254 - INFO - 找到运单信息工作表: '运单信息'
2025-09-21 16:31:10,254 - INFO - 运单信息工作表范围: 49行 x 7列
2025-09-21 16:31:10,254 - INFO - 运单信息工作表分析完成:
2025-09-21 16:31:10,254 - INFO -   - 工作表名称: '运单信息'
2025-09-21 16:31:10,254 - INFO -   - 第一个空行: 第3行
2025-09-21 16:31:10,254 - INFO -   - Collection Total行: 未找到
2025-09-21 16:31:10,254 - ERROR - 处理UPS数据时出错: UPSDataProcessor.fill_waybill_sheet() takes 4 positional arguments but 5 were given
2025-09-21 16:31:31,867 - INFO - 启动 Excel数据处理工具 v1.0.0
2025-09-21 16:31:45,611 - INFO - 开始读取Excel文件: C:/Users/A/Desktop/liao/数据列表 - 2025-09-09T192958.647.xlsx
2025-09-21 16:31:45,617 - INFO - 文件包含的sheet: ['数据清单']
2025-09-21 16:31:45,617 - INFO - 使用索引 0 访问sheet: '数据清单'
2025-09-21 16:31:45,626 - INFO - sheet '数据清单' 数据读取成功:
2025-09-21 16:31:45,626 - INFO -   - 原始大小: 6行 x 36列
2025-09-21 16:31:45,626 - INFO -   - 清理后大小: 6行 x 33列
2025-09-21 16:31:45,626 - INFO -   - 列名: ['偏远', '客服扣货', '财务扣货', '报关方式', '操作状态', '收货站点', '收货时间', '收货渠道', '发货渠道', '柜号', '订仓号', '港前客服', '销售员', '客户单号', '转单号', '申报中文品名', '件数', '国家二字码', '收货实重', '收货材积重', '方数', '收货计费重', '收货备注', '发货备注', '客户名称', '收件人邮编', '收件人公司', '收件人姓名', '收件人地址1', '收件人电话', '城市', '申报价值', '申报币种']
2025-09-21 16:31:45,626 - INFO - 开始处理UPS数据
2025-09-21 16:31:45,756 - INFO - 模板包含的工作表: ['总结单', '运单信息', '统计', '德国邮编', '子单号']
2025-09-21 16:31:45,756 - INFO - 找到总结单工作表: '总结单'
2025-09-21 16:31:45,756 - INFO - 工作表范围: 62行 x 14列
2025-09-21 16:31:45,756 - INFO - 总结单工作表分析完成:
2025-09-21 16:31:45,757 - INFO -   - 工作表名称: '总结单'
2025-09-21 16:31:45,757 - INFO -   - 第一个空行: 第6行
2025-09-21 16:31:45,757 - INFO -   - Collection Total行: 第53行
2025-09-21 16:31:45,757 - INFO - 开始分析表头，共14列
2025-09-21 16:31:45,757 - INFO - 表头映射完成，共找到6个有效表头
2025-09-21 16:31:45,757 - INFO - 模板表头到列号映射: {'Tracking Number': 1, 'Packages': 2, 'G.W': 3, 'V.G': 4, 'ZIP code': 5, 'country': 6}
2025-09-21 16:31:45,757 - INFO - 原始数据可用列: ['偏远', '客服扣货', '财务扣货', '报关方式', '操作状态', '收货站点', '收货时间', '收货渠道', '发货渠道', '柜号', '订仓号', '港前客服', '销售员', '客户单号', '转单号', '申报中文品名', '件数', '国家二字码', '收货实重', '收货材积重', '方数', '收货计费重', '收货备注', '发货备注', '客户名称', '收件人邮编', '收件人公司', '收件人姓名', '收件人地址1', '收件人电话', '城市', '申报价值', '申报币种']
2025-09-21 16:31:45,757 - INFO - 模板表头到列号映射: {'Tracking Number': 1, 'Packages': 2, 'G.W': 3, 'V.G': 4, 'ZIP code': 5, 'country': 6}
2025-09-21 16:31:45,757 - INFO - 需要填充 6 行数据
2025-09-21 16:31:45,758 - INFO - 总结单数据填充完成，共填充 6 行
2025-09-21 16:31:45,758 - INFO - 开始获取模板运单信息工作表
2025-09-21 16:31:45,758 - INFO - 模板包含的工作表: ['总结单', '运单信息', '统计', '德国邮编', '子单号']
2025-09-21 16:31:45,758 - INFO - 找到运单信息工作表: '运单信息'
2025-09-21 16:31:45,758 - INFO - 运单信息工作表范围: 49行 x 7列
2025-09-21 16:31:45,758 - INFO - 运单信息工作表分析完成:
2025-09-21 16:31:45,758 - INFO -   - 工作表名称: '运单信息'
2025-09-21 16:31:45,758 - INFO -   - 第一个空行: 第3行
2025-09-21 16:31:45,758 - INFO -   - Collection Total行: 未找到
2025-09-21 16:31:45,758 - INFO - 开始分析表头，共7列
2025-09-21 16:31:45,758 - INFO - 表头映射完成，共找到7个有效表头
2025-09-21 16:31:45,758 - INFO - 原始数据可用列: ['偏远', '客服扣货', '财务扣货', '报关方式', '操作状态', '收货站点', '收货时间', '收货渠道', '发货渠道', '柜号', '订仓号', '港前客服', '销售员', '客户单号', '转单号', '申报中文品名', '件数', '国家二字码', '收货实重', '收货材积重', '方数', '收货计费重', '收货备注', '发货备注', '客户名称', '收件人邮编', '收件人公司', '收件人姓名', '收件人地址1', '收件人电话', '城市', '申报价值', '申报币种']
2025-09-21 16:31:45,758 - INFO - 模板表头到列号映射: {'参考号\n（Reference NO)': 1, '件数\n(PCS)': 2, '实重\n(Kg)': 3, '材重\n(Kg)': 4, '目的地\n(Destination)': 5, 'UPS主运单号\n(Tracking Number)': 6, '提单号（集装箱/空运）': 7}
2025-09-21 16:31:45,759 - INFO - 需要填充 6 行数据
2025-09-21 16:31:45,759 - WARNING -   模板中未找到表头 '参考号（Reference NO)'，跳过字段 '客户单号'
2025-09-21 16:31:45,759 - WARNING -   模板中未找到表头 '件数(PCS)'，跳过字段 '件数'
2025-09-21 16:31:45,759 - WARNING -   模板中未找到表头 '实重(Kg)'，跳过字段 '收货实重'
2025-09-21 16:31:45,759 - WARNING -   模板中未找到表头 '材重(Kg)'，跳过字段 '收货材积重'
2025-09-21 16:31:45,759 - WARNING -   模板中未找到表头 '目的地(Destination)'，跳过字段 '国家二字码'
2025-09-21 16:31:45,759 - WARNING -   模板中未找到表头 'UPS主运单号(Tracking Number)'，跳过字段 '转单号'
2025-09-21 16:31:45,759 - WARNING -   模板中未找到表头 '参考号（Reference NO)'，跳过字段 '客户单号'
2025-09-21 16:31:45,759 - WARNING -   模板中未找到表头 '件数(PCS)'，跳过字段 '件数'
2025-09-21 16:31:45,759 - WARNING -   模板中未找到表头 '实重(Kg)'，跳过字段 '收货实重'
2025-09-21 16:31:45,759 - WARNING -   模板中未找到表头 '材重(Kg)'，跳过字段 '收货材积重'
2025-09-21 16:31:45,759 - WARNING -   模板中未找到表头 '目的地(Destination)'，跳过字段 '国家二字码'
2025-09-21 16:31:45,759 - WARNING -   模板中未找到表头 'UPS主运单号(Tracking Number)'，跳过字段 '转单号'
2025-09-21 16:31:45,760 - WARNING -   模板中未找到表头 '参考号（Reference NO)'，跳过字段 '客户单号'
2025-09-21 16:31:45,760 - WARNING -   模板中未找到表头 '件数(PCS)'，跳过字段 '件数'
2025-09-21 16:31:45,760 - WARNING -   模板中未找到表头 '实重(Kg)'，跳过字段 '收货实重'
2025-09-21 16:31:45,760 - WARNING -   模板中未找到表头 '材重(Kg)'，跳过字段 '收货材积重'
2025-09-21 16:31:45,760 - WARNING -   模板中未找到表头 '目的地(Destination)'，跳过字段 '国家二字码'
2025-09-21 16:31:45,760 - WARNING -   模板中未找到表头 'UPS主运单号(Tracking Number)'，跳过字段 '转单号'
2025-09-21 16:31:45,760 - WARNING -   模板中未找到表头 '参考号（Reference NO)'，跳过字段 '客户单号'
2025-09-21 16:31:45,760 - WARNING -   模板中未找到表头 '件数(PCS)'，跳过字段 '件数'
2025-09-21 16:31:45,760 - WARNING -   模板中未找到表头 '实重(Kg)'，跳过字段 '收货实重'
2025-09-21 16:31:45,760 - WARNING -   模板中未找到表头 '材重(Kg)'，跳过字段 '收货材积重'
2025-09-21 16:31:45,760 - WARNING -   模板中未找到表头 '目的地(Destination)'，跳过字段 '国家二字码'
2025-09-21 16:31:45,760 - WARNING -   模板中未找到表头 'UPS主运单号(Tracking Number)'，跳过字段 '转单号'
2025-09-21 16:31:45,760 - WARNING -   模板中未找到表头 '参考号（Reference NO)'，跳过字段 '客户单号'
2025-09-21 16:31:45,760 - WARNING -   模板中未找到表头 '件数(PCS)'，跳过字段 '件数'
2025-09-21 16:31:45,760 - WARNING -   模板中未找到表头 '实重(Kg)'，跳过字段 '收货实重'
2025-09-21 16:31:45,760 - WARNING -   模板中未找到表头 '材重(Kg)'，跳过字段 '收货材积重'
2025-09-21 16:31:45,761 - WARNING -   模板中未找到表头 '目的地(Destination)'，跳过字段 '国家二字码'
2025-09-21 16:31:45,761 - WARNING -   模板中未找到表头 'UPS主运单号(Tracking Number)'，跳过字段 '转单号'
2025-09-21 16:31:45,761 - WARNING -   模板中未找到表头 '参考号（Reference NO)'，跳过字段 '客户单号'
2025-09-21 16:31:45,761 - WARNING -   模板中未找到表头 '件数(PCS)'，跳过字段 '件数'
2025-09-21 16:31:45,761 - WARNING -   模板中未找到表头 '实重(Kg)'，跳过字段 '收货实重'
2025-09-21 16:31:45,761 - WARNING -   模板中未找到表头 '材重(Kg)'，跳过字段 '收货材积重'
2025-09-21 16:31:45,761 - WARNING -   模板中未找到表头 '目的地(Destination)'，跳过字段 '国家二字码'
2025-09-21 16:31:45,761 - WARNING -   模板中未找到表头 'UPS主运单号(Tracking Number)'，跳过字段 '转单号'
2025-09-21 16:31:45,761 - INFO - 运单信息数据填充完成，共填充 6 行
2025-09-21 16:31:45,846 - INFO - UPS数据处理完成，输出文件: C:\Users\A\Desktop\UPS.xlsx
2025-09-21 16:40:31,126 - INFO - 启动 Excel数据处理工具 v1.0.0
2025-09-21 16:40:40,479 - INFO - 开始读取Excel文件: C:/Users/A/Desktop/liao/数据列表 - 2025-09-09T192958.647.xlsx
2025-09-21 16:40:40,485 - INFO - 文件包含的sheet: ['数据清单']
2025-09-21 16:40:40,485 - INFO - 使用索引 0 访问sheet: '数据清单'
2025-09-21 16:40:40,494 - INFO - sheet '数据清单' 数据读取成功:
2025-09-21 16:40:40,494 - INFO -   - 原始大小: 6行 x 36列
2025-09-21 16:40:40,494 - INFO -   - 清理后大小: 6行 x 33列
2025-09-21 16:40:40,494 - INFO -   - 列名: ['偏远', '客服扣货', '财务扣货', '报关方式', '操作状态', '收货站点', '收货时间', '收货渠道', '发货渠道', '柜号', '订仓号', '港前客服', '销售员', '客户单号', '转单号', '申报中文品名', '件数', '国家二字码', '收货实重', '收货材积重', '方数', '收货计费重', '收货备注', '发货备注', '客户名称', '收件人邮编', '收件人公司', '收件人姓名', '收件人地址1', '收件人电话', '城市', '申报价值', '申报币种']
2025-09-21 16:40:40,494 - INFO - 开始处理UPS数据
2025-09-21 16:40:40,626 - INFO - 模板包含的工作表: ['总结单', '运单信息', '统计', '德国邮编', '子单号']
2025-09-21 16:40:40,627 - INFO - 找到总结单工作表: '总结单'
2025-09-21 16:40:40,627 - INFO - 工作表范围: 62行 x 14列
2025-09-21 16:40:40,627 - INFO - 总结单工作表分析完成:
2025-09-21 16:40:40,627 - INFO -   - 工作表名称: '总结单'
2025-09-21 16:40:40,627 - INFO -   - 第一个空行: 第6行
2025-09-21 16:40:40,627 - INFO -   - Collection Total行: 第53行
2025-09-21 16:40:40,627 - INFO - 开始分析表头，共14列
2025-09-21 16:40:40,627 - INFO - 表头映射完成，共找到6个有效表头
2025-09-21 16:40:40,627 - INFO - 模板表头到列号映射: {'Tracking Number': 1, 'Packages': 2, 'G.W': 3, 'V.G': 4, 'ZIP code': 5, 'country': 6}
2025-09-21 16:40:40,627 - INFO - 原始数据可用列: ['偏远', '客服扣货', '财务扣货', '报关方式', '操作状态', '收货站点', '收货时间', '收货渠道', '发货渠道', '柜号', '订仓号', '港前客服', '销售员', '客户单号', '转单号', '申报中文品名', '件数', '国家二字码', '收货实重', '收货材积重', '方数', '收货计费重', '收货备注', '发货备注', '客户名称', '收件人邮编', '收件人公司', '收件人姓名', '收件人地址1', '收件人电话', '城市', '申报价值', '申报币种']
2025-09-21 16:40:40,627 - INFO - 模板表头到列号映射: {'Tracking Number': 1, 'Packages': 2, 'G.W': 3, 'V.G': 4, 'ZIP code': 5, 'country': 6}
2025-09-21 16:40:40,627 - INFO - 需要填充 6 行数据
2025-09-21 16:40:40,628 - INFO - 总结单数据填充完成，共填充 6 行
2025-09-21 16:40:40,628 - INFO - 开始获取模板运单信息工作表
2025-09-21 16:40:40,628 - INFO - 模板包含的工作表: ['总结单', '运单信息', '统计', '德国邮编', '子单号']
2025-09-21 16:40:40,628 - INFO - 找到运单信息工作表: '运单信息'
2025-09-21 16:40:40,628 - INFO - 运单信息工作表范围: 49行 x 7列
2025-09-21 16:40:40,628 - INFO - 运单信息工作表分析完成:
2025-09-21 16:40:40,628 - INFO -   - 工作表名称: '运单信息'
2025-09-21 16:40:40,628 - INFO -   - 第一个空行: 第3行
2025-09-21 16:40:40,629 - INFO -   - Collection Total行: 未找到
2025-09-21 16:40:40,629 - INFO - 开始分析表头，共7列
2025-09-21 16:40:40,629 - INFO - 表头映射完成，共找到7个有效表头
2025-09-21 16:40:40,629 - INFO - 原始数据可用列: ['偏远', '客服扣货', '财务扣货', '报关方式', '操作状态', '收货站点', '收货时间', '收货渠道', '发货渠道', '柜号', '订仓号', '港前客服', '销售员', '客户单号', '转单号', '申报中文品名', '件数', '国家二字码', '收货实重', '收货材积重', '方数', '收货计费重', '收货备注', '发货备注', '客户名称', '收件人邮编', '收件人公司', '收件人姓名', '收件人地址1', '收件人电话', '城市', '申报价值', '申报币种']
2025-09-21 16:40:40,629 - INFO - 模板表头到列号映射: {'参考号\n（Reference NO)': 1, '件数\n(PCS)': 2, '实重\n(Kg)': 3, '材重\n(Kg)': 4, '目的地\n(Destination)': 5, 'UPS主运单号\n(Tracking Number)': 6, '提单号（集装箱/空运）': 7}
2025-09-21 16:40:40,629 - INFO - 需要填充 6 行数据
2025-09-21 16:40:40,629 - WARNING -   模板中未找到表头 '参考号（Reference NO)'，跳过字段 '客户单号'
2025-09-21 16:40:40,629 - WARNING -   模板中未找到表头 '件数(PCS)'，跳过字段 '件数'
2025-09-21 16:40:40,629 - WARNING -   模板中未找到表头 '实重(Kg)'，跳过字段 '收货实重'
2025-09-21 16:40:40,629 - WARNING -   模板中未找到表头 '材重(Kg)'，跳过字段 '收货材积重'
2025-09-21 16:40:40,629 - WARNING -   模板中未找到表头 '目的地(Destination)'，跳过字段 '国家二字码'
2025-09-21 16:40:40,629 - WARNING -   模板中未找到表头 'UPS主运单号(Tracking Number)'，跳过字段 '转单号'
2025-09-21 16:40:40,630 - WARNING -   模板中未找到表头 '参考号（Reference NO)'，跳过字段 '客户单号'
2025-09-21 16:40:40,630 - WARNING -   模板中未找到表头 '件数(PCS)'，跳过字段 '件数'
2025-09-21 16:40:40,630 - WARNING -   模板中未找到表头 '实重(Kg)'，跳过字段 '收货实重'
2025-09-21 16:40:40,630 - WARNING -   模板中未找到表头 '材重(Kg)'，跳过字段 '收货材积重'
2025-09-21 16:40:40,630 - WARNING -   模板中未找到表头 '目的地(Destination)'，跳过字段 '国家二字码'
2025-09-21 16:40:40,630 - WARNING -   模板中未找到表头 'UPS主运单号(Tracking Number)'，跳过字段 '转单号'
2025-09-21 16:40:40,630 - WARNING -   模板中未找到表头 '参考号（Reference NO)'，跳过字段 '客户单号'
2025-09-21 16:40:40,630 - WARNING -   模板中未找到表头 '件数(PCS)'，跳过字段 '件数'
2025-09-21 16:40:40,630 - WARNING -   模板中未找到表头 '实重(Kg)'，跳过字段 '收货实重'
2025-09-21 16:40:40,631 - WARNING -   模板中未找到表头 '材重(Kg)'，跳过字段 '收货材积重'
2025-09-21 16:40:40,631 - WARNING -   模板中未找到表头 '目的地(Destination)'，跳过字段 '国家二字码'
2025-09-21 16:40:40,631 - WARNING -   模板中未找到表头 'UPS主运单号(Tracking Number)'，跳过字段 '转单号'
2025-09-21 16:40:40,631 - WARNING -   模板中未找到表头 '参考号（Reference NO)'，跳过字段 '客户单号'
2025-09-21 16:40:40,631 - WARNING -   模板中未找到表头 '件数(PCS)'，跳过字段 '件数'
2025-09-21 16:40:40,631 - WARNING -   模板中未找到表头 '实重(Kg)'，跳过字段 '收货实重'
2025-09-21 16:40:40,631 - WARNING -   模板中未找到表头 '材重(Kg)'，跳过字段 '收货材积重'
2025-09-21 16:40:40,631 - WARNING -   模板中未找到表头 '目的地(Destination)'，跳过字段 '国家二字码'
2025-09-21 16:40:40,631 - WARNING -   模板中未找到表头 'UPS主运单号(Tracking Number)'，跳过字段 '转单号'
2025-09-21 16:40:40,632 - WARNING -   模板中未找到表头 '参考号（Reference NO)'，跳过字段 '客户单号'
2025-09-21 16:40:40,632 - WARNING -   模板中未找到表头 '件数(PCS)'，跳过字段 '件数'
2025-09-21 16:40:40,632 - WARNING -   模板中未找到表头 '实重(Kg)'，跳过字段 '收货实重'
2025-09-21 16:40:40,632 - WARNING -   模板中未找到表头 '材重(Kg)'，跳过字段 '收货材积重'
2025-09-21 16:40:40,632 - WARNING -   模板中未找到表头 '目的地(Destination)'，跳过字段 '国家二字码'
2025-09-21 16:40:40,632 - WARNING -   模板中未找到表头 'UPS主运单号(Tracking Number)'，跳过字段 '转单号'
2025-09-21 16:40:40,632 - WARNING -   模板中未找到表头 '参考号（Reference NO)'，跳过字段 '客户单号'
2025-09-21 16:40:40,632 - WARNING -   模板中未找到表头 '件数(PCS)'，跳过字段 '件数'
2025-09-21 16:40:40,632 - WARNING -   模板中未找到表头 '实重(Kg)'，跳过字段 '收货实重'
2025-09-21 16:40:40,632 - WARNING -   模板中未找到表头 '材重(Kg)'，跳过字段 '收货材积重'
2025-09-21 16:40:40,632 - WARNING -   模板中未找到表头 '目的地(Destination)'，跳过字段 '国家二字码'
2025-09-21 16:40:40,633 - WARNING -   模板中未找到表头 'UPS主运单号(Tracking Number)'，跳过字段 '转单号'
2025-09-21 16:40:40,633 - INFO - 运单信息数据填充完成，共填充 6 行
2025-09-21 16:40:40,718 - INFO - UPS数据处理完成，输出文件: C:\Users\A\Desktop\UPS.xlsx
2025-09-21 16:43:15,815 - INFO - 启动 Excel数据处理工具 v1.0.0
2025-09-21 16:43:28,018 - INFO - 开始读取Excel文件: C:/Users/A/Desktop/liao/数据列表 - 2025-09-09T192958.647.xlsx
2025-09-21 16:43:28,024 - INFO - 文件包含的sheet: ['数据清单']
2025-09-21 16:43:28,024 - INFO - 使用索引 0 访问sheet: '数据清单'
2025-09-21 16:43:28,033 - INFO - sheet '数据清单' 数据读取成功:
2025-09-21 16:43:28,033 - INFO -   - 原始大小: 6行 x 36列
2025-09-21 16:43:28,033 - INFO -   - 清理后大小: 6行 x 33列
2025-09-21 16:43:28,033 - INFO -   - 列名: ['偏远', '客服扣货', '财务扣货', '报关方式', '操作状态', '收货站点', '收货时间', '收货渠道', '发货渠道', '柜号', '订仓号', '港前客服', '销售员', '客户单号', '转单号', '申报中文品名', '件数', '国家二字码', '收货实重', '收货材积重', '方数', '收货计费重', '收货备注', '发货备注', '客户名称', '收件人邮编', '收件人公司', '收件人姓名', '收件人地址1', '收件人电话', '城市', '申报价值', '申报币种']
2025-09-21 16:43:28,034 - INFO - 开始处理UPS数据
2025-09-21 16:43:28,163 - INFO - 模板包含的工作表: ['总结单', '运单信息', '统计', '德国邮编', '子单号']
2025-09-21 16:43:28,163 - INFO - 找到总结单工作表: '总结单'
2025-09-21 16:43:28,163 - INFO - 工作表范围: 62行 x 14列
2025-09-21 16:43:28,163 - INFO - 总结单工作表分析完成:
2025-09-21 16:43:28,163 - INFO -   - 工作表名称: '总结单'
2025-09-21 16:43:28,163 - INFO -   - 第一个空行: 第6行
2025-09-21 16:43:28,163 - INFO -   - Collection Total行: 第53行
2025-09-21 16:43:28,163 - INFO - 开始分析表头，共14列
2025-09-21 16:43:28,163 - INFO - 表头映射完成，共找到6个有效表头
2025-09-21 16:43:28,163 - INFO - 模板表头到列号映射: {'Tracking Number': 1, 'Packages': 2, 'G.W': 3, 'V.G': 4, 'ZIP code': 5, 'country': 6}
2025-09-21 16:43:28,164 - INFO - 原始数据可用列: ['偏远', '客服扣货', '财务扣货', '报关方式', '操作状态', '收货站点', '收货时间', '收货渠道', '发货渠道', '柜号', '订仓号', '港前客服', '销售员', '客户单号', '转单号', '申报中文品名', '件数', '国家二字码', '收货实重', '收货材积重', '方数', '收货计费重', '收货备注', '发货备注', '客户名称', '收件人邮编', '收件人公司', '收件人姓名', '收件人地址1', '收件人电话', '城市', '申报价值', '申报币种']
2025-09-21 16:43:28,164 - INFO - 模板表头到列号映射: {'Tracking Number': 1, 'Packages': 2, 'G.W': 3, 'V.G': 4, 'ZIP code': 5, 'country': 6}
2025-09-21 16:43:28,164 - INFO - 需要填充 6 行数据
2025-09-21 16:43:28,164 - INFO - 总结单数据填充完成，共填充 6 行
2025-09-21 16:43:28,164 - INFO - 开始获取模板运单信息工作表
2025-09-21 16:43:28,164 - INFO - 模板包含的工作表: ['总结单', '运单信息', '统计', '德国邮编', '子单号']
2025-09-21 16:43:28,164 - INFO - 找到运单信息工作表: '运单信息'
2025-09-21 16:43:28,165 - INFO - 运单信息工作表范围: 49行 x 7列
2025-09-21 16:43:28,165 - INFO - 运单信息工作表分析完成:
2025-09-21 16:43:28,165 - INFO -   - 工作表名称: '运单信息'
2025-09-21 16:43:28,165 - INFO -   - 第一个空行: 第3行
2025-09-21 16:43:28,165 - INFO -   - Collection Total行: 未找到
2025-09-21 16:43:28,165 - INFO - 开始分析表头，共7列
2025-09-21 16:43:28,165 - INFO - 表头映射完成，共找到7个有效表头
2025-09-21 16:43:28,165 - INFO - 原始数据可用列: ['偏远', '客服扣货', '财务扣货', '报关方式', '操作状态', '收货站点', '收货时间', '收货渠道', '发货渠道', '柜号', '订仓号', '港前客服', '销售员', '客户单号', '转单号', '申报中文品名', '件数', '国家二字码', '收货实重', '收货材积重', '方数', '收货计费重', '收货备注', '发货备注', '客户名称', '收件人邮编', '收件人公司', '收件人姓名', '收件人地址1', '收件人电话', '城市', '申报价值', '申报币种']
2025-09-21 16:43:28,165 - INFO - 模板表头到列号映射: {'参考号\n（Reference NO)': 1, '件数\n(PCS)': 2, '实重\n(Kg)': 3, '材重\n(Kg)': 4, '目的地\n(Destination)': 5, 'UPS主运单号\n(Tracking Number)': 6, '提单号（集装箱/空运）': 7}
2025-09-21 16:43:28,165 - INFO - 需要填充 6 行数据
2025-09-21 16:43:28,165 - WARNING -   模板中未找到表头 '参考号（Reference NO)'，跳过字段 '客户单号'
2025-09-21 16:43:28,165 - WARNING -   模板中未找到表头 '件数(PCS)'，跳过字段 '件数'
2025-09-21 16:43:28,165 - WARNING -   模板中未找到表头 '实重(Kg)'，跳过字段 '收货实重'
2025-09-21 16:43:28,165 - WARNING -   模板中未找到表头 '材重(Kg)'，跳过字段 '收货材积重'
2025-09-21 16:43:28,166 - WARNING -   模板中未找到表头 '目的地(Destination)'，跳过字段 '国家二字码'
2025-09-21 16:43:28,166 - WARNING -   模板中未找到表头 'UPS主运单号(Tracking Number)'，跳过字段 '转单号'
2025-09-21 16:43:28,166 - WARNING -   模板中未找到表头 '参考号（Reference NO)'，跳过字段 '客户单号'
2025-09-21 16:43:28,166 - WARNING -   模板中未找到表头 '件数(PCS)'，跳过字段 '件数'
2025-09-21 16:43:28,166 - WARNING -   模板中未找到表头 '实重(Kg)'，跳过字段 '收货实重'
2025-09-21 16:43:28,166 - WARNING -   模板中未找到表头 '材重(Kg)'，跳过字段 '收货材积重'
2025-09-21 16:43:28,166 - WARNING -   模板中未找到表头 '目的地(Destination)'，跳过字段 '国家二字码'
2025-09-21 16:43:28,166 - WARNING -   模板中未找到表头 'UPS主运单号(Tracking Number)'，跳过字段 '转单号'
2025-09-21 16:43:28,166 - WARNING -   模板中未找到表头 '参考号（Reference NO)'，跳过字段 '客户单号'
2025-09-21 16:43:28,166 - WARNING -   模板中未找到表头 '件数(PCS)'，跳过字段 '件数'
2025-09-21 16:43:28,166 - WARNING -   模板中未找到表头 '实重(Kg)'，跳过字段 '收货实重'
2025-09-21 16:43:28,166 - WARNING -   模板中未找到表头 '材重(Kg)'，跳过字段 '收货材积重'
2025-09-21 16:43:28,167 - WARNING -   模板中未找到表头 '目的地(Destination)'，跳过字段 '国家二字码'
2025-09-21 16:43:28,167 - WARNING -   模板中未找到表头 'UPS主运单号(Tracking Number)'，跳过字段 '转单号'
2025-09-21 16:43:28,167 - WARNING -   模板中未找到表头 '参考号（Reference NO)'，跳过字段 '客户单号'
2025-09-21 16:43:28,167 - WARNING -   模板中未找到表头 '件数(PCS)'，跳过字段 '件数'
2025-09-21 16:43:28,167 - WARNING -   模板中未找到表头 '实重(Kg)'，跳过字段 '收货实重'
2025-09-21 16:43:28,167 - WARNING -   模板中未找到表头 '材重(Kg)'，跳过字段 '收货材积重'
2025-09-21 16:43:28,167 - WARNING -   模板中未找到表头 '目的地(Destination)'，跳过字段 '国家二字码'
2025-09-21 16:43:28,167 - WARNING -   模板中未找到表头 'UPS主运单号(Tracking Number)'，跳过字段 '转单号'
2025-09-21 16:43:28,167 - WARNING -   模板中未找到表头 '参考号（Reference NO)'，跳过字段 '客户单号'
2025-09-21 16:43:28,167 - WARNING -   模板中未找到表头 '件数(PCS)'，跳过字段 '件数'
2025-09-21 16:43:28,167 - WARNING -   模板中未找到表头 '实重(Kg)'，跳过字段 '收货实重'
2025-09-21 16:43:28,167 - WARNING -   模板中未找到表头 '材重(Kg)'，跳过字段 '收货材积重'
2025-09-21 16:43:28,168 - WARNING -   模板中未找到表头 '目的地(Destination)'，跳过字段 '国家二字码'
2025-09-21 16:43:28,168 - WARNING -   模板中未找到表头 'UPS主运单号(Tracking Number)'，跳过字段 '转单号'
2025-09-21 16:43:28,168 - WARNING -   模板中未找到表头 '参考号（Reference NO)'，跳过字段 '客户单号'
2025-09-21 16:43:28,168 - WARNING -   模板中未找到表头 '件数(PCS)'，跳过字段 '件数'
2025-09-21 16:43:28,168 - WARNING -   模板中未找到表头 '实重(Kg)'，跳过字段 '收货实重'
2025-09-21 16:43:28,168 - WARNING -   模板中未找到表头 '材重(Kg)'，跳过字段 '收货材积重'
2025-09-21 16:43:28,168 - WARNING -   模板中未找到表头 '目的地(Destination)'，跳过字段 '国家二字码'
2025-09-21 16:43:28,168 - WARNING -   模板中未找到表头 'UPS主运单号(Tracking Number)'，跳过字段 '转单号'
2025-09-21 16:43:28,168 - INFO - 运单信息数据填充完成，共填充 6 行
2025-09-21 16:43:28,254 - INFO - UPS数据处理完成，输出文件: C:\Users\A\Desktop\UPS.xlsx
2025-09-21 16:47:56,573 - INFO - 启动 Excel数据处理工具 v1.0.0
2025-09-21 16:48:06,481 - INFO - 开始读取Excel文件: C:/Users/A/Desktop/liao/数据列表 - 2025-09-09T192958.647.xlsx
2025-09-21 16:48:06,486 - INFO - 文件包含的sheet: ['数据清单']
2025-09-21 16:48:06,486 - INFO - 使用索引 0 访问sheet: '数据清单'
2025-09-21 16:48:06,495 - INFO - sheet '数据清单' 数据读取成功:
2025-09-21 16:48:06,495 - INFO -   - 原始大小: 6行 x 36列
2025-09-21 16:48:06,496 - INFO -   - 清理后大小: 6行 x 33列
2025-09-21 16:48:06,496 - INFO -   - 列名: ['偏远', '客服扣货', '财务扣货', '报关方式', '操作状态', '收货站点', '收货时间', '收货渠道', '发货渠道', '柜号', '订仓号', '港前客服', '销售员', '客户单号', '转单号', '申报中文品名', '件数', '国家二字码', '收货实重', '收货材积重', '方数', '收货计费重', '收货备注', '发货备注', '客户名称', '收件人邮编', '收件人公司', '收件人姓名', '收件人地址1', '收件人电话', '城市', '申报价值', '申报币种']
2025-09-21 16:48:06,496 - INFO - 开始处理UPS数据
2025-09-21 16:48:06,624 - INFO - 模板包含的工作表: ['总结单', '运单信息', '统计', '德国邮编', '子单号']
2025-09-21 16:48:06,624 - INFO - 找到总结单工作表: '总结单'
2025-09-21 16:48:06,624 - INFO - 工作表范围: 62行 x 14列
2025-09-21 16:48:06,625 - INFO - 总结单工作表分析完成:
2025-09-21 16:48:06,625 - INFO -   - 工作表名称: '总结单'
2025-09-21 16:48:06,625 - INFO -   - 第一个空行: 第6行
2025-09-21 16:48:06,625 - INFO -   - Collection Total行: 第53行
2025-09-21 16:48:06,625 - INFO - 开始分析表头，共14列
2025-09-21 16:48:06,625 - INFO - 表头映射完成，共找到6个有效表头
2025-09-21 16:48:06,625 - INFO - 模板表头到列号映射: {'Tracking Number': 1, 'Packages': 2, 'G.W': 3, 'V.G': 4, 'ZIP code': 5, 'country': 6}
2025-09-21 16:48:06,625 - INFO - 原始数据可用列: ['偏远', '客服扣货', '财务扣货', '报关方式', '操作状态', '收货站点', '收货时间', '收货渠道', '发货渠道', '柜号', '订仓号', '港前客服', '销售员', '客户单号', '转单号', '申报中文品名', '件数', '国家二字码', '收货实重', '收货材积重', '方数', '收货计费重', '收货备注', '发货备注', '客户名称', '收件人邮编', '收件人公司', '收件人姓名', '收件人地址1', '收件人电话', '城市', '申报价值', '申报币种']
2025-09-21 16:48:06,625 - INFO - 模板表头到列号映射: {'Tracking Number': 1, 'Packages': 2, 'G.W': 3, 'V.G': 4, 'ZIP code': 5, 'country': 6}
2025-09-21 16:48:06,625 - INFO - 需要填充 6 行数据
2025-09-21 16:48:06,626 - INFO - 总结单数据填充完成，共填充 6 行
2025-09-21 16:48:06,626 - INFO - 开始获取模板运单信息工作表
2025-09-21 16:48:06,626 - INFO - 模板包含的工作表: ['总结单', '运单信息', '统计', '德国邮编', '子单号']
2025-09-21 16:48:06,626 - INFO - 找到运单信息工作表: '运单信息'
2025-09-21 16:48:06,626 - INFO - 运单信息工作表范围: 49行 x 7列
2025-09-21 16:48:06,626 - INFO - 运单信息工作表分析完成:
2025-09-21 16:48:06,626 - INFO -   - 工作表名称: '运单信息'
2025-09-21 16:48:06,626 - INFO -   - 第一个空行: 第3行
2025-09-21 16:48:06,626 - INFO -   - Collection Total行: 未找到
2025-09-21 16:48:06,626 - INFO - 开始分析表头，共7列
2025-09-21 16:48:06,626 - INFO - 表头映射完成，共找到7个有效表头
2025-09-21 16:48:06,627 - INFO - 原始数据可用列: ['偏远', '客服扣货', '财务扣货', '报关方式', '操作状态', '收货站点', '收货时间', '收货渠道', '发货渠道', '柜号', '订仓号', '港前客服', '销售员', '客户单号', '转单号', '申报中文品名', '件数', '国家二字码', '收货实重', '收货材积重', '方数', '收货计费重', '收货备注', '发货备注', '客户名称', '收件人邮编', '收件人公司', '收件人姓名', '收件人地址1', '收件人电话', '城市', '申报价值', '申报币种']
2025-09-21 16:48:06,627 - INFO - 模板表头到列号映射: {'参考号\n（Reference NO)': 1, '件数\n(PCS)': 2, '实重\n(Kg)': 3, '材重\n(Kg)': 4, '目的地\n(Destination)': 5, 'UPS主运单号\n(Tracking Number)': 6, '提单号（集装箱/空运）': 7}
2025-09-21 16:48:06,627 - INFO - 需要填充 6 行数据
2025-09-21 16:48:06,628 - INFO - 运单信息数据填充完成，共填充 6 行
2025-09-21 16:48:06,712 - INFO - UPS数据处理完成，输出文件: C:\Users\A\Desktop\UPS.xlsx
